#
# A fatal error has been detected by the Java Runtime Environment:
#
#  EXCEPTION_ACCESS_VIOLATION (0xc0000005) at pc=0x00000000594c6747, pid=948, tid=0x00000000000023cc
#
# JRE version: Java(TM) SE Runtime Environment (8.0_191-b12) (build 1.8.0_191-b12)
# Java VM: Java HotSpot(TM) 64-Bit Server VM (25.191-b12 mixed mode windows-amd64 compressed oops)
# Problematic frame:
# V  [jvm.dll+0x436747]
#
# Failed to write core dump. Minidumps are not enabled by default on client versions of Windows
#
# If you would like to submit a bug report, please visit:
#   http://bugreport.java.com/bugreport/crash.jsp
#

---------------  T H R E A D  ---------------

Current thread (0x00000000196d1000):  JavaThread "C1 CompilerThread3" daemon [_thread_in_native, id=9164, stack(0x000000001a130000,0x000000001a230000)]

siginfo: ExceptionCode=0xc0000005, reading address 0x000001001b252240

Registers:
RAX=0x000000001a22f430, RBX=0x000000001a22f220, RCX=0x000000001a22f550, RDX=0x0000000000000000
RSP=0x000000001a22f1d0, RBP=0x000000001aafc440, RSI=0x0000000000000070, RDI=0x000000000000000e
R8 =0x000000000291e852, R9 =0x0000000000001efd, R10=0x000000001a22f550, R11=0xfffffffffffff78d
R12=0x000001001b252240, R13=0x0000000019669d40, R14=0x00000000196cf7d0, R15=0x00000000196cf810
RIP=0x00000000594c6747, EFLAGS=0x0000000000010246

Top of Stack: (sp=0x000000001a22f1d0)
0x000000001a22f1d0:   000000001a22f220 0000000000000068
0x000000001a22f1e0:   0000000000000012 0000000000000011
0x000000001a22f1f0:   000000001a22f430 00000000594a0d3b
0x000000001a22f200:   000000005986cec0 00000000ffffffff
0x000000001a22f210:   000000001a22f430 0000000000000000
0x000000001a22f220:   000000001aafc420 000000001aafc440
0x000000001a22f230:   00000000027be6a0 000000001a22f430
0x000000001a22f240:   000000001d084950 0000000000000000
0x000000001a22f250:   0000000000000000 0000000000000000
0x000000001a22f260:   00000000ffffffff 0000000059090000
0x000000001a22f270:   0000000000000004 0000000000000000
0x000000001a22f280:   00001d7dd7ec0429 0000000000000000
0x000000001a22f290:   000000001d084950 00000000594a144a
0x000000001a22f2a0:   000000001a22f430 000000001a22f430
0x000000001a22f2b0:   000000005986cec0 00000000196d1000
0x000000001a22f2c0:   000000001c140000 0000000000000000 

Instructions: (pc=0x00000000594c6747)
0x00000000594c6727:   08 00 00 7d 10 48 8b 4b 18 48 8d 15 c1 19 23 00
0x00000000594c6737:   e8 94 9e fd ff 48 8b 43 18 48 83 78 60 00 75 17
0x00000000594c6747:   49 8b 04 24 48 8b d3 49 8b cc ff 10 ff c7 48 83
0x00000000594c6757:   c6 08 3b 7d 00 7c b2 48 8b 74 24 30 4c 8b 64 24 


Register to memory mapping:

RAX=0x000000001a22f430 is pointing into the stack for thread: 0x00000000196d1000
RBX=0x000000001a22f220 is pointing into the stack for thread: 0x00000000196d1000
RCX=0x000000001a22f550 is pointing into the stack for thread: 0x00000000196d1000
RDX=0x0000000000000000 is an unknown value
RSP=0x000000001a22f1d0 is pointing into the stack for thread: 0x00000000196d1000
RBP=0x000000001aafc440 is an unknown value
RSI=0x0000000000000070 is an unknown value
RDI=0x000000000000000e is an unknown value
R8 =0x000000000291e852 is at code_begin+4146 in 
[CodeBlob (0x000000000291d7d0)]
Framesize: 0
BufferBlob (0x000000000291d7d0) used for C1 temporary CodeBuffer
R9 =0x0000000000001efd is an unknown value
R10=0x000000001a22f550 is pointing into the stack for thread: 0x00000000196d1000
R11=0xfffffffffffff78d is an unknown value
R12=0x000001001b252240 is an unknown value
R13=0x0000000019669d40 is an unknown value
R14=0x00000000196cf7d0 is an unknown value
R15=0x00000000196cf810 is an unknown value


Stack: [0x000000001a130000,0x000000001a230000],  sp=0x000000001a22f1d0,  free space=1020k
Native frames: (J=compiled Java code, j=interpreted, Vv=VM code, C=native code)
V  [jvm.dll+0x436747]
V  [jvm.dll+0x410d3b]
V  [jvm.dll+0x41144a]
V  [jvm.dll+0x411522]
V  [jvm.dll+0x4116f1]
V  [jvm.dll+0x4118ff]
V  [jvm.dll+0xa6c82]
V  [jvm.dll+0xa75cf]
V  [jvm.dll+0x2461df]
V  [jvm.dll+0x29eb9a]
C  [msvcr100.dll+0x21d9f]
C  [msvcr100.dll+0x21e3b]
C  [KERNEL32.DLL+0x17034]
C  [ntdll.dll+0x52651]


Current CompileTask:
C1:   3492 1936       3       org.apache.maven.model.interpolation.StringVisitorModelInterpolator$ModelVisitor::visit (118 bytes)


---------------  P R O C E S S  ---------------

Java Threads: ( => current thread )
  0x0000000019750000 JavaThread "Service Thread" daemon [_thread_blocked, id=4376, stack(0x000000001a230000,0x000000001a330000)]
=>0x00000000196d1000 JavaThread "C1 CompilerThread3" daemon [_thread_in_native, id=9164, stack(0x000000001a130000,0x000000001a230000)]
  0x00000000196cc000 JavaThread "C2 CompilerThread2" daemon [_thread_blocked, id=9412, stack(0x000000001a030000,0x000000001a130000)]
  0x00000000196c8000 JavaThread "C2 CompilerThread1" daemon [_thread_blocked, id=3804, stack(0x0000000019f30000,0x000000001a030000)]
  0x0000000019669000 JavaThread "C2 CompilerThread0" daemon [_thread_in_native, id=9892, stack(0x0000000019e30000,0x0000000019f30000)]
  0x0000000019667800 JavaThread "Attach Listener" daemon [_thread_blocked, id=9116, stack(0x0000000019d30000,0x0000000019e30000)]
  0x00000000196c0800 JavaThread "Signal Dispatcher" daemon [_thread_blocked, id=5492, stack(0x0000000019c30000,0x0000000019d30000)]
  0x0000000019650800 JavaThread "Finalizer" daemon [_thread_blocked, id=13268, stack(0x0000000019b30000,0x0000000019c30000)]
  0x000000001782d000 JavaThread "Reference Handler" daemon [_thread_blocked, id=12528, stack(0x0000000019a30000,0x0000000019b30000)]
  0x00000000027ae000 JavaThread "main" [_thread_in_Java, id=6908, stack(0x0000000002600000,0x0000000002700000)]

Other Threads:
  0x0000000017829800 VMThread [stack: 0x0000000019530000,0x0000000019630000] [id=1712]
  0x000000001970a000 WatcherThread [stack: 0x000000001a330000,0x000000001a430000] [id=3384]

VM state:not at safepoint (normal execution)

VM Mutex/Monitor currently owned by a thread: None

Heap:
 PSYoungGen      total 38400K, used 36540K [0x00000000d5f00000, 0x00000000daa00000, 0x0000000100000000)
  eden space 33280K, 94% used [0x00000000d5f00000,0x00000000d7db1e10,0x00000000d7f80000)
  from space 5120K, 99% used [0x00000000d8480000,0x00000000d897d298,0x00000000d8980000)
  to   space 5120K, 0% used [0x00000000d7f80000,0x00000000d7f80000,0x00000000d8480000)
 ParOldGen       total 87552K, used 3416K [0x0000000081c00000, 0x0000000087180000, 0x00000000d5f00000)
  object space 87552K, 3% used [0x0000000081c00000,0x0000000081f56170,0x0000000087180000)
 Metaspace       used 15620K, capacity 15832K, committed 16128K, reserved 1062912K
  class space    used 1888K, capacity 1977K, committed 2048K, reserved 1048576K

Card table byte_map: [0x0000000011c70000,0x0000000012070000] byte_map_base: 0x0000000011862000

Marking Bits: (ParMarkBitMap*) 0x00000000598b3e30
 Begin Bits: [0x0000000012b20000, 0x0000000014ab0000)
 End Bits:   [0x0000000014ab0000, 0x0000000016a40000)

Polling page: 0x0000000000680000

CodeCache: size=245760Kb used=6600Kb max_used=6611Kb free=239159Kb
 bounds [0x00000000028b0000, 0x0000000002f30000, 0x00000000118b0000]
 total_blobs=2312 nmethods=1937 adapters=287
 compilation: enabled

Compilation events (10 events):
Event: 3.431 Thread 0x00000000196d1000 nmethod 1931 0x0000000002f17350 code [0x0000000002f174a0, 0x0000000002f175d0]
Event: 3.431 Thread 0x00000000196d1000 1932       3       java.util.LinkedHashMap::<init> (11 bytes)
Event: 3.432 Thread 0x00000000196d1000 nmethod 1932 0x0000000002f16ed0 code [0x0000000002f17060, 0x0000000002f17268]
Event: 3.432 Thread 0x00000000196d1000 1933       3       org.apache.maven.model.inheritance.DefaultInheritanceAssembler$InheritanceModelMerger::mergePlugin (71 bytes)
Event: 3.433 Thread 0x00000000196d1000 nmethod 1933 0x0000000002f14050 code [0x0000000002f14300, 0x0000000002f15868]
Event: 3.433 Thread 0x00000000196d1000 1934       3       org.codehaus.plexus.interpolation.reflection.ReflectionValueExtractor$Tokenizer::getPosition (23 bytes)
Event: 3.434 Thread 0x00000000196d1000 nmethod 1934 0x0000000002f13b10 code [0x0000000002f13c80, 0x0000000002f13f30]
Event: 3.434 Thread 0x00000000196d1000 1935  s    3       java.util.Stack::peek (25 bytes)
Event: 3.434 Thread 0x00000000196d1000 nmethod 1935 0x0000000002f131d0 code [0x0000000002f13360, 0x0000000002f13998]
Event: 3.434 Thread 0x00000000196d1000 1936       3       org.apache.maven.model.interpolation.StringVisitorModelInterpolator$ModelVisitor::visit (118 bytes)

GC Heap History (4 events):
Event: 1.785 GC heap before
{Heap before GC invocations=1 (full 0):
 PSYoungGen      total 38400K, used 33280K [0x00000000d5f00000, 0x00000000d8980000, 0x0000000100000000)
  eden space 33280K, 100% used [0x00000000d5f00000,0x00000000d7f80000,0x00000000d7f80000)
  from space 5120K, 0% used [0x00000000d8480000,0x00000000d8480000,0x00000000d8980000)
  to   space 5120K, 0% used [0x00000000d7f80000,0x00000000d7f80000,0x00000000d8480000)
 ParOldGen       total 87552K, used 0K [0x0000000081c00000, 0x0000000087180000, 0x00000000d5f00000)
  object space 87552K, 0% used [0x0000000081c00000,0x0000000081c00000,0x0000000087180000)
 Metaspace       used 9008K, capacity 9126K, committed 9344K, reserved 1056768K
  class space    used 1081K, capacity 1146K, committed 1152K, reserved 1048576K
Event: 1.794 GC heap after
Heap after GC invocations=1 (full 0):
 PSYoungGen      total 38400K, used 5106K [0x00000000d5f00000, 0x00000000d8980000, 0x0000000100000000)
  eden space 33280K, 0% used [0x00000000d5f00000,0x00000000d5f00000,0x00000000d7f80000)
  from space 5120K, 99% used [0x00000000d7f80000,0x00000000d847c8b8,0x00000000d8480000)
  to   space 5120K, 0% used [0x00000000d8480000,0x00000000d8480000,0x00000000d8980000)
 ParOldGen       total 87552K, used 833K [0x0000000081c00000, 0x0000000087180000, 0x00000000d5f00000)
  object space 87552K, 0% used [0x0000000081c00000,0x0000000081cd0440,0x0000000087180000)
 Metaspace       used 9008K, capacity 9126K, committed 9344K, reserved 1056768K
  class space    used 1081K, capacity 1146K, committed 1152K, reserved 1048576K
}
Event: 2.490 GC heap before
{Heap before GC invocations=2 (full 0):
 PSYoungGen      total 38400K, used 38386K [0x00000000d5f00000, 0x00000000d8980000, 0x0000000100000000)
  eden space 33280K, 100% used [0x00000000d5f00000,0x00000000d7f80000,0x00000000d7f80000)
  from space 5120K, 99% used [0x00000000d7f80000,0x00000000d847c8b8,0x00000000d8480000)
  to   space 5120K, 0% used [0x00000000d8480000,0x00000000d8480000,0x00000000d8980000)
 ParOldGen       total 87552K, used 833K [0x0000000081c00000, 0x0000000087180000, 0x00000000d5f00000)
  object space 87552K, 0% used [0x0000000081c00000,0x0000000081cd0440,0x0000000087180000)
 Metaspace       used 12679K, capacity 12862K, committed 13184K, reserved 1060864K
  class space    used 1575K, capacity 1640K, committed 1664K, reserved 1048576K
Event: 2.502 GC heap after
Heap after GC invocations=2 (full 0):
 PSYoungGen      total 38400K, used 5108K [0x00000000d5f00000, 0x00000000daa00000, 0x0000000100000000)
  eden space 33280K, 0% used [0x00000000d5f00000,0x00000000d5f00000,0x00000000d7f80000)
  from space 5120K, 99% used [0x00000000d8480000,0x00000000d897d298,0x00000000d8980000)
  to   space 5120K, 0% used [0x00000000d7f80000,0x00000000d7f80000,0x00000000d8480000)
 ParOldGen       total 87552K, used 3416K [0x0000000081c00000, 0x0000000087180000, 0x00000000d5f00000)
  object space 87552K, 3% used [0x0000000081c00000,0x0000000081f56170,0x0000000087180000)
 Metaspace       used 12679K, capacity 12862K, committed 13184K, reserved 1060864K
  class space    used 1575K, capacity 1640K, committed 1664K, reserved 1048576K
}

Deoptimization events (10 events):
Event: 1.660 Thread 0x00000000027ae000 Uncommon trap: reason=unstable_if action=reinterpret pc=0x0000000002b9653c method=sun.nio.cs.StreamDecoder.implRead([CII)I @ 197
Event: 1.768 Thread 0x00000000027ae000 Uncommon trap: reason=range_check action=make_not_entrant pc=0x0000000002be4620 method=sun.reflect.generics.parser.SignatureParser.current()C @ 34
Event: 2.796 Thread 0x00000000027ae000 Uncommon trap: reason=unstable_if action=reinterpret pc=0x0000000002db264c method=org.eclipse.sisu.inject.InjectorBindings.isAssignableFrom(Lcom/google/inject/TypeLiteral;Lcom/google/inject/Binding;)Z @ 14
Event: 2.808 Thread 0x00000000027ae000 Uncommon trap: reason=unstable_if action=reinterpret pc=0x0000000002ac5e24 method=sun.misc.MetaIndex.mayContain(Ljava/lang/String;)Z @ 38
Event: 2.966 Thread 0x00000000027ae000 Uncommon trap: reason=unstable_if action=reinterpret pc=0x0000000002b85954 method=sun.nio.cs.UTF_8$Decoder.decodeArrayLoop(Ljava/nio/ByteBuffer;Ljava/nio/CharBuffer;)Ljava/nio/charset/CoderResult; @ 84
Event: 3.019 Thread 0x00000000027ae000 Uncommon trap: reason=unstable_if action=reinterpret pc=0x0000000002a78a30 method=java.lang.String.replace(CC)Ljava/lang/String; @ 2
Event: 3.204 Thread 0x00000000027ae000 Uncommon trap: reason=unstable_if action=reinterpret pc=0x0000000002e75aa4 method=org.codehaus.plexus.util.xml.pull.MXParser.nextImpl()I @ 1161
Event: 3.306 Thread 0x00000000027ae000 Uncommon trap: reason=unstable_if action=reinterpret pc=0x0000000002eca254 method=java.lang.String.trim()Ljava/lang/String; @ 63
Event: 3.373 Thread 0x00000000027ae000 Uncommon trap: reason=null_check action=make_not_entrant pc=0x0000000002ef24fc method=org.apache.maven.model.io.xpp3.MavenXpp3Reader.checkFieldWithDuplicate(Lorg/codehaus/plexus/util/xml/pull/XmlPullParser;Ljava/lang/String;Ljava/lang/String;Ljava/util/Se
Event: 3.416 Thread 0x00000000027ae000 Uncommon trap: reason=unstable_if action=reinterpret pc=0x0000000002e8aea8 method=org.codehaus.plexus.util.xml.pull.MXParser.isS(C)Z @ 21

Classes redefined (0 events):
No events

Internal exceptions (10 events):
Event: 2.649 Thread 0x00000000027ae000 Exception <a 'java/lang/NoClassDefFoundError': com/google/inject/servlet/ServletModuleTargetVisitor> (0x00000000d63928d8) thrown at [C:\re\workspace\8-2-build-windows-amd64-cygwin\jdk8u191\11896\hotspot\src\share\vm\classfile\systemDictionary.cpp, line 19
Event: 2.649 Thread 0x00000000027ae000 Exception <a 'java/lang/NoClassDefFoundError'> (0x00000000d63928d8) thrown at [C:\re\workspace\8-2-build-windows-amd64-cygwin\jdk8u191\11896\hotspot\src\share\vm\prims\jvm.cpp, line 1439]
Event: 2.649 Thread 0x00000000027ae000 Exception <a 'java/lang/NoClassDefFoundError': javax/annotation/Priority> (0x00000000d63971a0) thrown at [C:\re\workspace\8-2-build-windows-amd64-cygwin\jdk8u191\11896\hotspot\src\share\vm\classfile\systemDictionary.cpp, line 199]
Event: 2.907 Thread 0x00000000027ae000 Exception <a 'java/lang/NullPointerException'> (0x00000000d6a98cf0) thrown at [C:\re\workspace\8-2-build-windows-amd64-cygwin\jdk8u191\11896\hotspot\src\share\vm\interpreter\linkResolver.cpp, line 1185]
Event: 2.907 Thread 0x00000000027ae000 Exception <a 'java/lang/NullPointerException'> (0x00000000d6a98f08) thrown at [C:\re\workspace\8-2-build-windows-amd64-cygwin\jdk8u191\11896\hotspot\src\share\vm\interpreter\linkResolver.cpp, line 1185]
Event: 2.907 Thread 0x00000000027ae000 Exception <a 'java/lang/NullPointerException'> (0x00000000d6a99120) thrown at [C:\re\workspace\8-2-build-windows-amd64-cygwin\jdk8u191\11896\hotspot\src\share\vm\interpreter\linkResolver.cpp, line 1185]
Event: 2.908 Thread 0x00000000027ae000 Exception <a 'java/lang/NullPointerException'> (0x00000000d6aa0a58) thrown at [C:\re\workspace\8-2-build-windows-amd64-cygwin\jdk8u191\11896\hotspot\src\share\vm\interpreter\linkResolver.cpp, line 1185]
Event: 2.908 Thread 0x00000000027ae000 Exception <a 'java/lang/NullPointerException'> (0x00000000d6aa0c70) thrown at [C:\re\workspace\8-2-build-windows-amd64-cygwin\jdk8u191\11896\hotspot\src\share\vm\interpreter\linkResolver.cpp, line 1185]
Event: 2.908 Thread 0x00000000027ae000 Exception <a 'java/lang/NullPointerException'> (0x00000000d6aa0e88) thrown at [C:\re\workspace\8-2-build-windows-amd64-cygwin\jdk8u191\11896\hotspot\src\share\vm\interpreter\linkResolver.cpp, line 1185]
Event: 3.373 Thread 0x00000000027ae000 Implicit null exception at 0x0000000002ef124e to 0x0000000002ef24e5

Events (10 events):
Event: 3.373 Thread 0x00000000027ae000 Uncommon trap: trap_request=0xfffffff4 fr.pc=0x0000000002ef24fc
Event: 3.373 Thread 0x00000000027ae000 DEOPT PACKING pc=0x0000000002ef24fc sp=0x00000000026fd950
Event: 3.373 Thread 0x00000000027ae000 DEOPT UNPACKING pc=0x00000000028f583b sp=0x00000000026fd930 mode 2
Event: 3.415 loading class org/apache/maven/model/ActivationFile
Event: 3.415 loading class org/apache/maven/model/ActivationFile done
Event: 3.416 Thread 0x00000000027ae000 Uncommon trap: trap_request=0xffffff65 fr.pc=0x0000000002e8aea8
Event: 3.416 Thread 0x00000000027ae000 DEOPT PACKING pc=0x0000000002e8aea8 sp=0x00000000026fd910
Event: 3.416 Thread 0x00000000027ae000 DEOPT UNPACKING pc=0x00000000028f583b sp=0x00000000026fd840 mode 2
Event: 3.425 Thread 0x00000000027ae000 DEOPT PACKING pc=0x0000000002e67422 sp=0x00000000026fd6d0
Event: 3.425 Thread 0x00000000027ae000 DEOPT UNPACKING pc=0x00000000028f7890 sp=0x00000000026fd468 mode 0


Dynamic libraries:
0x00007ff62f050000 - 0x00007ff62f087000 	C:\Program Files\Java\jdk1.8.0_191\bin\java.exe
0x00007ff85fad0000 - 0x00007ff85fcc5000 	C:\WINDOWS\SYSTEM32\ntdll.dll
0x00007ff85eeb0000 - 0x00007ff85ef6d000 	C:\WINDOWS\System32\KERNEL32.DLL
0x00007ff85d570000 - 0x00007ff85d839000 	C:\WINDOWS\System32\KERNELBASE.dll
0x00007ff85dcd0000 - 0x00007ff85dd7c000 	C:\WINDOWS\System32\ADVAPI32.dll
0x00007ff85e840000 - 0x00007ff85e8de000 	C:\WINDOWS\System32\msvcrt.dll
0x00007ff85f8a0000 - 0x00007ff85f93c000 	C:\WINDOWS\System32\sechost.dll
0x00007ff85e710000 - 0x00007ff85e83b000 	C:\WINDOWS\System32\RPCRT4.dll
0x00007ff85db30000 - 0x00007ff85dcd0000 	C:\WINDOWS\System32\USER32.dll
0x00007ff85dab0000 - 0x00007ff85dad2000 	C:\WINDOWS\System32\win32u.dll
0x00007ff85f870000 - 0x00007ff85f89a000 	C:\WINDOWS\System32\GDI32.dll
0x00007ff85d9a0000 - 0x00007ff85daab000 	C:\WINDOWS\System32\gdi32full.dll
0x00007ff85d420000 - 0x00007ff85d4bd000 	C:\WINDOWS\System32\msvcp_win.dll
0x00007ff85d320000 - 0x00007ff85d420000 	C:\WINDOWS\System32\ucrtbase.dll
0x00007ff849b00000 - 0x00007ff849d9a000 	C:\WINDOWS\WinSxS\amd64_microsoft.windows.common-controls_6595b64144ccf1df_6.0.19041.844_none_ca00b6081b84eb1d\COMCTL32.dll
0x00007ff85e450000 - 0x00007ff85e480000 	C:\WINDOWS\System32\IMM32.DLL
0x0000000059940000 - 0x0000000059a12000 	C:\Program Files\Java\jdk1.8.0_191\jre\bin\msvcr100.dll
0x0000000059090000 - 0x0000000059934000 	C:\Program Files\Java\jdk1.8.0_191\jre\bin\server\jvm.dll
0x00007ff85f860000 - 0x00007ff85f868000 	C:\WINDOWS\System32\PSAPI.DLL
0x00007ff84e630000 - 0x00007ff84e657000 	C:\WINDOWS\SYSTEM32\WINMM.dll
0x00007ff83ac60000 - 0x00007ff83ac69000 	C:\WINDOWS\SYSTEM32\WSOCK32.dll
0x00007ff855830000 - 0x00007ff85583a000 	C:\WINDOWS\SYSTEM32\VERSION.dll
0x00007ff85f7e0000 - 0x00007ff85f84b000 	C:\WINDOWS\System32\WS2_32.dll
0x000000005adc0000 - 0x000000005adcf000 	C:\Program Files\Java\jdk1.8.0_191\jre\bin\verify.dll
0x000000005ad90000 - 0x000000005adb9000 	C:\Program Files\Java\jdk1.8.0_191\jre\bin\java.dll
0x000000005ad70000 - 0x000000005ad86000 	C:\Program Files\Java\jdk1.8.0_191\jre\bin\zip.dll
0x00007ff85f090000 - 0x00007ff85f7d2000 	C:\WINDOWS\System32\SHELL32.dll
0x00007ff85b350000 - 0x00007ff85bae0000 	C:\WINDOWS\SYSTEM32\windows.storage.dll
0x00007ff85ea30000 - 0x00007ff85ed85000 	C:\WINDOWS\System32\combase.dll
0x00007ff85cc80000 - 0x00007ff85ccac000 	C:\WINDOWS\SYSTEM32\Wldp.dll
0x00007ff85e3a0000 - 0x00007ff85e44e000 	C:\WINDOWS\System32\SHCORE.dll
0x00007ff85ed90000 - 0x00007ff85ede5000 	C:\WINDOWS\System32\shlwapi.dll
0x00007ff85d150000 - 0x00007ff85d16f000 	C:\WINDOWS\SYSTEM32\profapi.dll
0x00007ff85cbe0000 - 0x00007ff85cbf8000 	C:\WINDOWS\SYSTEM32\CRYPTSP.dll
0x00007ff85c330000 - 0x00007ff85c364000 	C:\WINDOWS\system32\rsaenh.dll
0x00007ff85d290000 - 0x00007ff85d2b7000 	C:\WINDOWS\System32\bcrypt.dll
0x00007ff85d0d0000 - 0x00007ff85d0fe000 	C:\WINDOWS\SYSTEM32\USERENV.dll
0x00007ff85d210000 - 0x00007ff85d290000 	C:\WINDOWS\System32\bcryptprimitives.dll
0x00007ff85cbd0000 - 0x00007ff85cbdc000 	C:\WINDOWS\SYSTEM32\CRYPTBASE.dll
0x000000005ad50000 - 0x000000005ad6a000 	C:\Program Files\Java\jdk1.8.0_191\jre\bin\net.dll
0x00007ff85ca00000 - 0x00007ff85ca6a000 	C:\WINDOWS\system32\mswsock.dll
0x00007ff85c6a0000 - 0x00007ff85c6db000 	C:\WINDOWS\SYSTEM32\IPHLPAPI.DLL
0x00007ff85f850000 - 0x00007ff85f858000 	C:\WINDOWS\System32\NSI.dll
0x00007ff8569a0000 - 0x00007ff8569b7000 	C:\WINDOWS\SYSTEM32\dhcpcsvc6.DLL
0x00007ff856720000 - 0x00007ff85673d000 	C:\WINDOWS\SYSTEM32\dhcpcsvc.DLL
0x00007ff85c6f0000 - 0x00007ff85c7bb000 	C:\WINDOWS\SYSTEM32\DNSAPI.dll
0x0000000059070000 - 0x0000000059081000 	C:\Program Files\Java\jdk1.8.0_191\jre\bin\nio.dll
0x00007ff8591c0000 - 0x00007ff8591ca000 	C:\Users\ZSY\AppData\Local\Temp\jansi-1.17.1-8098521320293368766.dll
0x00007ff8591b0000 - 0x00007ff8591ba000 	C:\Users\ZSY\AppData\Local\Temp\jansi-1.17.1-4540282920957498936.dll
0x00007ff84e080000 - 0x00007ff84e264000 	C:\WINDOWS\SYSTEM32\dbghelp.dll

VM Arguments:
jvm_args: -Dmaven.multiModuleProjectDirectory=D:\IDEA\IdeaProjects\bishe\ssm-01 -Dmaven.home=D:\Maven\apache-maven-3.6.3 -Dclassworlds.conf=D:\Maven\apache-maven-3.6.3\bin\m2.conf -Dmaven.ext.class.path=D:\IDEA\IntelliJ IDEA 2020.1.1\plugins\maven\lib\maven-event-listener.jar -Dfile.encoding=UTF-8 
java_command: org.codehaus.classworlds.Launcher -Didea.version2020.1.1 -s D:\Maven\apache-maven-3.6.3\conf\settings.xml -DskipTests=true install
java_class_path (initial): D:\Maven\apache-maven-3.6.3\boot\plexus-classworlds-2.6.0.jar;D:\Maven\apache-maven-3.6.3\boot\plexus-classworlds.license
Launcher Type: SUN_STANDARD

Environment Variables:
PATH=D:\study\VanDyke Software\Clients\;C:\Program Files (x86)\Common Files\Oracle\Java\javapath;E:\oracle\product\10.2.0\db_1\bin;C:\Windows\system32;C:\Windows;C:\Windows\System32\Wbem;C:\Windows\System32\WindowsPowerShell\v1.0\;C:\Windows\System32\OpenSSH\;%JAVA_HOME%\bin;%JAVA_HOME%\jre\bin;D:\Maven\apache-maven-3.6.3\bin\;C:\Program Files (x86)\NVIDIA Corporation\PhysX\Common;C:\Program Files\NVIDIA Corporation\NVIDIA NvDLISR;D:\Git\cmd;D:\nodejs\;D:\Rational\common;D:\TortoiseGit\bin;C:\WINDOWS\system32;C:\WINDOWS;C:\WINDOWS\System32\Wbem;C:\WINDOWS\System32\WindowsPowerShell\v1.0\;C:\WINDOWS\System32\OpenSSH\;C:\Users\ZSY\AppData\Local\Microsoft\WindowsApps;C:\Users\ZSY\AppData\Roaming\npm;
USERNAME=ZSY
OS=Windows_NT
PROCESSOR_IDENTIFIER=Intel64 Family 6 Model 60 Stepping 3, GenuineIntel



---------------  S Y S T E M  ---------------

OS: Windows 10.0 , 64 bit Build 19041 (10.0.19041.804)

CPU:total 8 (initial active 8) (4 cores per cpu, 2 threads per core) family 6 model 60 stepping 3, cmov, cx8, fxsr, mmx, sse, sse2, sse3, ssse3, sse4.1, sse4.2, popcnt, avx, avx2, aes, clmul, erms, lzcnt, ht, tsc, tscinvbit, bmi1, bmi2

Memory: 4k page, physical 8272944k(3081500k free), swap 18234416k(11871112k free)

vm_info: Java HotSpot(TM) 64-Bit Server VM (25.191-b12) for windows-amd64 JRE (1.8.0_191-b12), built on Oct  6 2018 09:29:03 by "java_re" with MS VC++ 10.0 (VS2010)

time: Sat Mar 20 19:49:32 2021
elapsed time: 3 seconds (0d 0h 0m 3s)

