#
# A fatal error has been detected by the Java Runtime Environment:
#
#  EXCEPTION_ACCESS_VIOLATION (0xc0000005) at pc=0x000000006729c1aa, pid=1836, tid=0x00000000000021d8
#
# JRE version: Java(TM) SE Runtime Environment (8.0_191-b12) (build 1.8.0_191-b12)
# Java VM: Java HotSpot(TM) 64-Bit Server VM (25.191-b12 mixed mode windows-amd64 compressed oops)
# Problematic frame:
# V  [jvm.dll+0x13c1aa]
#
# Failed to write core dump. Minidumps are not enabled by default on client versions of Windows
#
# If you would like to submit a bug report, please visit:
#   http://bugreport.java.com/bugreport/crash.jsp
#

---------------  T H R E A D  ---------------

Current thread (0x00000000029de000):  JavaThread "main" [_thread_in_vm, id=8664, stack(0x00000000027f0000,0x00000000028f0000)]

siginfo: ExceptionCode=0xc0000005, reading address 0x000001001e1b32f0

Registers:
RAX=0x0000c791b3221424, RBX=0x000001001e1b32f0, RCX=0x000001001e1b32f0, RDX=0x00000000029de000
RSP=0x00000000028e9630, RBP=0x00000000028e9d70, RSI=0x00000000029de000, RDI=0x000000001d56c5a8
R8 =0x00000000028e96b0, R9 =0x0000000000000080, R10=0x00000000000000dc, R11=0x00000000028e9778
R12=0x0000000000000080, R13=0x00000000028e9d70, R14=0x0000000000000005, R15=0x0000000000000009
RIP=0x000000006729c1aa, EFLAGS=0x0000000000010206

Top of Stack: (sp=0x00000000028e9630)
0x00000000028e9630:   000000001b940e84 000000001b94070b
0x00000000028e9640:   0000000000000081 000000006729c1c1
0x00000000028e9650:   000000001d56c5a8 00000000671b2a81
0x00000000028e9660:   000001001e1b32f0 00000000028e9d70
0x00000000028e9670:   00000000028e96b1 00000000671b301a
0x00000000028e9680:   0000000000000000 00000000029de000
0x00000000028e9690:   0000000000000002 000000001b940687
0x00000000028e96a0:   00000000029de000 00000000029de000
0x00000000028e96b0:   69003e7400562928 614d687361482f6c
0x00000000028e96c0:   65727473782f0070 657070616d2f6d61
0x00000000028e96d0:   72657070614d2f72 000000a40056293b
0x00000000028e96e0:   000000ac000000a7 000000c0000000bb
0x00000000028e96f0:   f0e101da1efa8132 2bde80d303c801f8
0x00000000028e9700:   ef6e2fa5d99bd80a 788cdbbf1d243c7c
0x00000000028e9710:   0000005b0000004a 0000003f00000021
0x00000000028e9720:   0000004600000056 000000560000004e 

Instructions: (pc=0x000000006729c1aa)
0x000000006729c18a:   5c 24 30 48 83 c4 20 5f c3 cc cc cc cc cc cc cc
0x000000006729c19a:   cc cc cc cc cc cc 48 89 5c 24 08 57 48 83 ec 20
0x000000006729c1aa:   0f b7 39 48 8b d9 ff c7 44 3b cf 7d 0d 48 63 cf
0x000000006729c1ba:   33 d2 e8 df 1a fb ff 4c 8b c0 85 ff 7e 3d 0f b7 


Register to memory mapping:

RAX=0x0000c791b3221424 is an unknown value
RBX=0x000001001e1b32f0 is an unknown value
RCX=0x000001001e1b32f0 is an unknown value
RDX=0x00000000029de000 is a thread
RSP=0x00000000028e9630 is pointing into the stack for thread: 0x00000000029de000
RBP=0x00000000028e9d70 is pointing into the stack for thread: 0x00000000029de000
RSI=0x00000000029de000 is a thread
RDI=0x000000001d56c5a8 is pointing into metadata
R8 =0x00000000028e96b0 is pointing into the stack for thread: 0x00000000029de000
R9 =0x0000000000000080 is an unknown value
R10=0x00000000000000dc is an unknown value
R11=0x00000000028e9778 is pointing into the stack for thread: 0x00000000029de000
R12=0x0000000000000080 is an unknown value
R13=0x00000000028e9d70 is pointing into the stack for thread: 0x00000000029de000
R14=0x0000000000000005 is an unknown value
R15=0x0000000000000009 is an unknown value


Stack: [0x00000000027f0000,0x00000000028f0000],  sp=0x00000000028e9630,  free space=997k
Native frames: (J=compiled Java code, j=interpreted, Vv=VM code, C=native code)
V  [jvm.dll+0x13c1aa]
V  [jvm.dll+0x52a81]
V  [jvm.dll+0x55d6d]
V  [jvm.dll+0x5d0b0]
V  [jvm.dll+0x7cd74]
V  [jvm.dll+0x1929d1]
V  [jvm.dll+0x192d6b]
C  [java.dll+0x1ead]
C  0x0000000002d5dfdd

Java frames: (J=compiled Java code, j=interpreted, Vv=VM code)
J 551  java.lang.ClassLoader.defineClass1(Ljava/lang/String;[BIILjava/security/ProtectionDomain;Ljava/lang/String;)Ljava/lang/Class; (0 bytes) @ 0x0000000002d5df5f [0x0000000002d5dec0+0x9f]
J 559 C1 java.lang.ClassLoader.defineClass(Ljava/lang/String;[BIILjava/security/ProtectionDomain;)Ljava/lang/Class; (43 bytes) @ 0x0000000002d69824 [0x0000000002d69240+0x5e4]
J 452 C1 java.net.URLClassLoader.defineClass(Ljava/lang/String;Lsun/misc/Resource;)Ljava/lang/Class; (142 bytes) @ 0x0000000002d1d3e4 [0x0000000002d1b880+0x1b64]
J 374 C1 java.net.URLClassLoader$1.run()Ljava/lang/Class; (63 bytes) @ 0x0000000002cd85d4 [0x0000000002cd8320+0x2b4]
J 2685 C1 java.net.URLClassLoader$1.run()Ljava/lang/Object; (5 bytes) @ 0x00000000033a2efc [0x00000000033a2e80+0x7c]
v  ~StubRoutines::call_stub
J 327  java.security.AccessController.doPrivileged(Ljava/security/PrivilegedExceptionAction;Ljava/security/AccessControlContext;)Ljava/lang/Object; (0 bytes) @ 0x0000000002caf766 [0x0000000002caf700+0x66]
J 1482 C2 java.net.URLClassLoader.findClass(Ljava/lang/String;)Ljava/lang/Class; (47 bytes) @ 0x0000000002fe6eb0 [0x0000000002fe6e20+0x90]
J 2923 C1 org.codehaus.plexus.classworlds.realm.ClassRealm.loadClassFromSelf(Ljava/lang/String;)Ljava/lang/Class; (40 bytes) @ 0x000000000348b8fc [0x000000000348b500+0x3fc]
J 2694 C1 org.codehaus.plexus.classworlds.strategy.SelfFirstStrategy.loadClass(Ljava/lang/String;)Ljava/lang/Class; (50 bytes) @ 0x00000000033ad71c [0x00000000033ad340+0x3dc]
J 2691 C1 org.codehaus.plexus.classworlds.realm.ClassRealm.loadClass(Ljava/lang/String;)Ljava/lang/Class; (7 bytes) @ 0x00000000033a502c [0x00000000033a4da0+0x28c]
v  ~StubRoutines::call_stub
j  com.thoughtworks.xstream.XStream.buildMapper()Lcom/thoughtworks/xstream/mapper/Mapper;+91
j  com.thoughtworks.xstream.XStream.<init>(Lcom/thoughtworks/xstream/converters/reflection/ReflectionProvider;Lcom/thoughtworks/xstream/io/HierarchicalStreamDriver;Lcom/thoughtworks/xstream/core/ClassLoaderReference;Lcom/thoughtworks/xstream/mapper/Mapper;Lcom/thoughtworks/xstream/converters/ConverterLookup;Lcom/thoughtworks/xstream/converters/ConverterRegistry;)V+46
j  com.thoughtworks.xstream.XStream.<init>(Lcom/thoughtworks/xstream/converters/reflection/ReflectionProvider;Lcom/thoughtworks/xstream/io/HierarchicalStreamDriver;Lcom/thoughtworks/xstream/core/ClassLoaderReference;Lcom/thoughtworks/xstream/mapper/Mapper;Lcom/thoughtworks/xstream/core/DefaultConverterLookup;)V+24
j  com.thoughtworks.xstream.XStream.<init>(Lcom/thoughtworks/xstream/converters/reflection/ReflectionProvider;Lcom/thoughtworks/xstream/io/HierarchicalStreamDriver;Ljava/lang/ClassLoader;Lcom/thoughtworks/xstream/mapper/Mapper;)V+20
j  com.thoughtworks.xstream.XStream.<init>(Lcom/thoughtworks/xstream/converters/reflection/ReflectionProvider;Lcom/thoughtworks/xstream/mapper/Mapper;Lcom/thoughtworks/xstream/io/HierarchicalStreamDriver;)V+11
j  com.thoughtworks.xstream.XStream.<init>(Lcom/thoughtworks/xstream/io/HierarchicalStreamDriver;)V+7
j  org.apache.maven.plugins.war.util.WebappStructureSerializer$1.<init>(Lcom/thoughtworks/xstream/io/HierarchicalStreamDriver;)V+2
j  org.apache.maven.plugins.war.util.WebappStructureSerializer.<clinit>()V+11
v  ~StubRoutines::call_stub
j  org.apache.maven.plugins.war.AbstractWarMojo.<init>()V+51
j  org.apache.maven.plugins.war.WarMojo.<init>()V+1
v  ~StubRoutines::call_stub
J 1663  sun.reflect.NativeConstructorAccessorImpl.newInstance0(Ljava/lang/reflect/Constructor;[Ljava/lang/Object;)Ljava/lang/Object; (0 bytes) @ 0x000000000306eaa6 [0x000000000306ea40+0x66]
J 1662 C1 sun.reflect.NativeConstructorAccessorImpl.newInstance([Ljava/lang/Object;)Ljava/lang/Object; (89 bytes) @ 0x0000000003071294 [0x0000000003070240+0x1054]
J 1016 C1 sun.reflect.DelegatingConstructorAccessorImpl.newInstance([Ljava/lang/Object;)Ljava/lang/Object; (9 bytes) @ 0x0000000002ed0804 [0x0000000002ed0700+0x104]
J 1010 C1 java.lang.reflect.Constructor.newInstance([Ljava/lang/Object;)Ljava/lang/Object; (87 bytes) @ 0x0000000002ec6a0c [0x0000000002ec6540+0x4cc]
j  com.google.inject.internal.DefaultConstructionProxyFactory$ReflectiveProxy.newInstance([Ljava/lang/Object;)Ljava/lang/Object;+5
j  com.google.inject.internal.ConstructorInjector.provision(Lcom/google/inject/internal/InternalContext;Lcom/google/inject/internal/ConstructionContext;)Ljava/lang/Object;+16
j  com.google.inject.internal.ConstructorInjector.access$000(Lcom/google/inject/internal/ConstructorInjector;Lcom/google/inject/internal/InternalContext;Lcom/google/inject/internal/ConstructionContext;)Ljava/lang/Object;+3
j  com.google.inject.internal.ConstructorInjector$1.call()Ljava/lang/Object;+12
J 1447 C1 com.google.inject.internal.ProvisionListenerStackCallback$Provision.provision()Ljava/lang/Object; (140 bytes) @ 0x0000000002fd27cc [0x0000000002fd2660+0x16c]
J 1447 C1 com.google.inject.internal.ProvisionListenerStackCallback$Provision.provision()Ljava/lang/Object; (140 bytes) @ 0x0000000002fd2954 [0x0000000002fd2660+0x2f4]
J 1454 C1 com.google.inject.internal.ProvisionListenerStackCallback.provision(Lcom/google/inject/internal/InternalContext;Lcom/google/inject/internal/ProvisionListenerStackCallback$ProvisionCallback;)Ljava/lang/Object; (105 bytes) @ 0x0000000002fd4994 [0x0000000002fd47a0+0x1f4]
j  com.google.inject.internal.ConstructorInjector.construct(Lcom/google/inject/internal/InternalContext;Lcom/google/inject/spi/Dependency;Lcom/google/inject/internal/ProvisionListenerStackCallback;)Ljava/lang/Object;+113
j  com.google.inject.internal.ConstructorBindingImpl$Factory.get(Lcom/google/inject/internal/InternalContext;Lcom/google/inject/spi/Dependency;Z)Ljava/lang/Object;+48
J 2870 C2 com.google.inject.internal.InjectorImpl$1.get()Ljava/lang/Object; (79 bytes) @ 0x000000000346aa2c [0x000000000346a840+0x1ec]
j  com.google.inject.internal.InjectorImpl.getInstance(Ljava/lang/Class;)Ljava/lang/Object;+5
j  org.eclipse.sisu.space.AbstractDeferredClass.get()Ljava/lang/Object;+8
J 1532 C1 com.google.inject.internal.ProviderInternalFactory.provision(Ljavax/inject/Provider;Lcom/google/inject/spi/Dependency;Lcom/google/inject/internal/ConstructionContext;)Ljava/lang/Object; (37 bytes) @ 0x0000000003006974 [0x0000000003006860+0x114]
J 1531 C1 com.google.inject.internal.InternalFactoryToInitializableAdapter.provision(Ljavax/inject/Provider;Lcom/google/inject/spi/Dependency;Lcom/google/inject/internal/ConstructionContext;)Ljava/lang/Object; (23 bytes) @ 0x0000000003006364 [0x00000000030062e0+0x84]
J 1530 C1 com.google.inject.internal.ProviderInternalFactory$1.call()Ljava/lang/Object; (20 bytes) @ 0x0000000003005f9c [0x0000000003005e80+0x11c]
J 1447 C1 com.google.inject.internal.ProvisionListenerStackCallback$Provision.provision()Ljava/lang/Object; (140 bytes) @ 0x0000000002fd27cc [0x0000000002fd2660+0x16c]
J 1447 C1 com.google.inject.internal.ProvisionListenerStackCallback$Provision.provision()Ljava/lang/Object; (140 bytes) @ 0x0000000002fd2954 [0x0000000002fd2660+0x2f4]
J 1454 C1 com.google.inject.internal.ProvisionListenerStackCallback.provision(Lcom/google/inject/internal/InternalContext;Lcom/google/inject/internal/ProvisionListenerStackCallback$ProvisionCallback;)Ljava/lang/Object; (105 bytes) @ 0x0000000002fd4994 [0x0000000002fd47a0+0x1f4]
J 1540 C1 com.google.inject.internal.ProviderInternalFactory.circularGet(Ljavax/inject/Provider;Lcom/google/inject/internal/InternalContext;Lcom/google/inject/spi/Dependency;Lcom/google/inject/internal/ProvisionListenerStackCallback;)Ljava/lang/Object; (124 bytes) @ 0x000000000300a544 [0x0000000003009dc0+0x784]
J 1503 C1 com.google.inject.internal.InternalFactoryToInitializableAdapter.get(Lcom/google/inject/internal/InternalContext;Lcom/google/inject/spi/Dependency;Z)Ljava/lang/Object; (23 bytes) @ 0x0000000002ffafa4 [0x0000000002fface0+0x2c4]
J 2870 C2 com.google.inject.internal.InjectorImpl$1.get()Ljava/lang/Object; (79 bytes) @ 0x000000000346aa2c [0x000000000346a840+0x1ec]
J 3079 C2 org.eclipse.sisu.inject.LazyBeanEntry.getValue()Ljava/lang/Object; (10 bytes) @ 0x0000000003509164 [0x0000000003508fc0+0x1a4]
j  org.eclipse.sisu.plexus.LazyPlexusBean.getValue()Ljava/lang/Object;+4
j  org.codehaus.plexus.DefaultPlexusContainer.lookup(Ljava/lang/Class;Ljava/lang/String;Ljava/lang/String;)Ljava/lang/Object;+27
j  org.codehaus.plexus.DefaultPlexusContainer.lookup(Ljava/lang/Class;Ljava/lang/String;)Ljava/lang/Object;+4
j  org.apache.maven.plugin.internal.DefaultMavenPluginManager.getConfiguredMojo(Ljava/lang/Class;Lorg/apache/maven/execution/MavenSession;Lorg/apache/maven/plugin/MojoExecution;)Ljava/lang/Object;+113
j  org.apache.maven.plugin.DefaultBuildPluginManager.executeMojo(Lorg/apache/maven/execution/MavenSession;Lorg/apache/maven/plugin/MojoExecution;)V+105
j  org.apache.maven.lifecycle.internal.MojoExecutor.execute(Lorg/apache/maven/execution/MavenSession;Lorg/apache/maven/plugin/MojoExecution;Lorg/apache/maven/lifecycle/internal/ProjectIndex;Lorg/apache/maven/lifecycle/internal/DependencyContext;)V+215
j  org.apache.maven.lifecycle.internal.MojoExecutor.execute(Lorg/apache/maven/execution/MavenSession;Lorg/apache/maven/plugin/MojoExecution;Lorg/apache/maven/lifecycle/internal/ProjectIndex;Lorg/apache/maven/lifecycle/internal/DependencyContext;Lorg/apache/maven/lifecycle/internal/PhaseRecorder;)V+6
j  org.apache.maven.lifecycle.internal.MojoExecutor.execute(Lorg/apache/maven/execution/MavenSession;Ljava/util/List;Lorg/apache/maven/lifecycle/internal/ProjectIndex;)V+60
j  org.apache.maven.lifecycle.internal.LifecycleModuleBuilder.buildProject(Lorg/apache/maven/execution/MavenSession;Lorg/apache/maven/execution/MavenSession;Lorg/apache/maven/lifecycle/internal/ReactorContext;Lorg/apache/maven/project/MavenProject;Lorg/apache/maven/lifecycle/internal/TaskSegment;)V+179
j  org.apache.maven.lifecycle.internal.LifecycleModuleBuilder.buildProject(Lorg/apache/maven/execution/MavenSession;Lorg/apache/maven/lifecycle/internal/ReactorContext;Lorg/apache/maven/project/MavenProject;Lorg/apache/maven/lifecycle/internal/TaskSegment;)V+7
j  org.apache.maven.lifecycle.internal.builder.singlethreaded.SingleThreadedBuilder.build(Lorg/apache/maven/execution/MavenSession;Lorg/apache/maven/lifecycle/internal/ReactorContext;Lorg/apache/maven/lifecycle/internal/ProjectBuildList;Ljava/util/List;Lorg/apache/maven/lifecycle/internal/ReactorBuildStatus;)V+77
j  org.apache.maven.lifecycle.internal.LifecycleStarter.execute(Lorg/apache/maven/execution/MavenSession;)V+348
j  org.apache.maven.DefaultMaven.doExecute(Lorg/apache/maven/execution/MavenExecutionRequest;Lorg/apache/maven/execution/MavenSession;Lorg/apache/maven/execution/MavenExecutionResult;Lorg/eclipse/aether/DefaultRepositorySystemSession;)Lorg/apache/maven/execution/MavenExecutionResult;+425
j  org.apache.maven.DefaultMaven.doExecute(Lorg/apache/maven/execution/MavenExecutionRequest;)Lorg/apache/maven/execution/MavenExecutionResult;+98
j  org.apache.maven.DefaultMaven.execute(Lorg/apache/maven/execution/MavenExecutionRequest;)Lorg/apache/maven/execution/MavenExecutionResult;+2
j  org.apache.maven.cli.MavenCli.execute(Lorg/apache/maven/cli/CliRequest;)I+27
j  org.apache.maven.cli.MavenCli.doMain(Lorg/apache/maven/cli/CliRequest;)I+66
j  org.apache.maven.cli.MavenCli.main([Ljava/lang/String;Lorg/codehaus/plexus/classworlds/ClassWorld;)I+24
v  ~StubRoutines::call_stub
j  sun.reflect.NativeMethodAccessorImpl.invoke0(Ljava/lang/reflect/Method;Ljava/lang/Object;[Ljava/lang/Object;)Ljava/lang/Object;+0
j  sun.reflect.NativeMethodAccessorImpl.invoke(Ljava/lang/Object;[Ljava/lang/Object;)Ljava/lang/Object;+100
j  sun.reflect.DelegatingMethodAccessorImpl.invoke(Ljava/lang/Object;[Ljava/lang/Object;)Ljava/lang/Object;+6
j  java.lang.reflect.Method.invoke(Ljava/lang/Object;[Ljava/lang/Object;)Ljava/lang/Object;+56
j  org.codehaus.plexus.classworlds.launcher.Launcher.launchEnhanced([Ljava/lang/String;)V+45
j  org.codehaus.plexus.classworlds.launcher.Launcher.launch([Ljava/lang/String;)V+2
j  org.codehaus.plexus.classworlds.launcher.Launcher.mainWithExitCode([Ljava/lang/String;)I+101
j  org.codehaus.plexus.classworlds.launcher.Launcher.main([Ljava/lang/String;)V+1
j  org.codehaus.classworlds.Launcher.main([Ljava/lang/String;)V+1
v  ~StubRoutines::call_stub

---------------  P R O C E S S  ---------------

Java Threads: ( => current thread )
  0x00000000198fa000 JavaThread "Service Thread" daemon [_thread_blocked, id=240, stack(0x000000001a440000,0x000000001a540000)]
  0x00000000198de000 JavaThread "C1 CompilerThread3" daemon [_thread_blocked, id=11664, stack(0x000000001a340000,0x000000001a440000)]
  0x00000000198d6800 JavaThread "C2 CompilerThread2" daemon [_thread_in_native, id=7504, stack(0x000000001a240000,0x000000001a340000)]
  0x00000000198d6000 JavaThread "C2 CompilerThread1" daemon [_thread_blocked, id=4492, stack(0x000000001a140000,0x000000001a240000)]
  0x000000001987a800 JavaThread "C2 CompilerThread0" daemon [_thread_in_native, id=12532, stack(0x000000001a040000,0x000000001a140000)]
  0x00000000198cf000 JavaThread "Attach Listener" daemon [_thread_blocked, id=6828, stack(0x0000000019f40000,0x000000001a040000)]
  0x0000000017a6e000 JavaThread "Signal Dispatcher" daemon [_thread_blocked, id=12880, stack(0x0000000019e40000,0x0000000019f40000)]
  0x0000000017a63800 JavaThread "Finalizer" daemon [_thread_blocked, id=14424, stack(0x0000000019d40000,0x0000000019e40000)]
  0x0000000017a5c800 JavaThread "Reference Handler" daemon [_thread_blocked, id=12936, stack(0x0000000019c40000,0x0000000019d40000)]
=>0x00000000029de000 JavaThread "main" [_thread_in_vm, id=8664, stack(0x00000000027f0000,0x00000000028f0000)]

Other Threads:
  0x0000000017a59000 VMThread [stack: 0x0000000019740000,0x0000000019840000] [id=14716]
  0x00000000198fa800 WatcherThread [stack: 0x000000001a540000,0x000000001a640000] [id=8412]

VM state:not at safepoint (normal execution)

VM Mutex/Monitor currently owned by a thread: None

Heap:
 PSYoungGen      total 71680K, used 65868K [0x00000000d5f00000, 0x00000000daa00000, 0x0000000100000000)
  eden space 66560K, 91% used [0x00000000d5f00000,0x00000000d9a591f0,0x00000000da000000)
  from space 5120K, 99% used [0x00000000da500000,0x00000000da9fa040,0x00000000daa00000)
  to   space 5120K, 0% used [0x00000000da000000,0x00000000da000000,0x00000000da500000)
 ParOldGen       total 87552K, used 7684K [0x0000000081c00000, 0x0000000087180000, 0x00000000d5f00000)
  object space 87552K, 8% used [0x0000000081c00000,0x0000000082381360,0x0000000087180000)
 Metaspace       used 19143K, capacity 19638K, committed 19840K, reserved 1067008K
  class space    used 2274K, capacity 2398K, committed 2432K, reserved 1048576K

Card table byte_map: [0x0000000011ea0000,0x00000000122a0000] byte_map_base: 0x0000000011a92000

Marking Bits: (ParMarkBitMap*) 0x0000000067983e30
 Begin Bits: [0x0000000012d50000, 0x0000000014ce0000)
 End Bits:   [0x0000000014ce0000, 0x0000000016c70000)

Polling page: 0x0000000002480000

CodeCache: size=245760Kb used=11022Kb max_used=11022Kb free=234737Kb
 bounds [0x0000000002ae0000, 0x00000000035c0000, 0x0000000011ae0000]
 total_blobs=3624 nmethods=3241 adapters=295
 compilation: enabled

Compilation events (10 events):
Event: 3.025 Thread 0x00000000198de000 nmethod 3240 0x00000000035a7590 code [0x00000000035a7780, 0x00000000035a8098]
Event: 3.025 Thread 0x00000000198de000 3241       3       java.util.Objects::isNull (10 bytes)
Event: 3.025 Thread 0x00000000198de000 nmethod 3241 0x00000000035a83d0 code [0x00000000035a8520, 0x00000000035a86b0]
Event: 3.026 Thread 0x00000000198d6000 nmethod 3234 0x00000000035abcd0 code [0x00000000035abf00, 0x00000000035ac890]
Event: 3.026 Thread 0x00000000198d6000 3235       4       java.util.LinkedHashMap$LinkedKeyIterator::next (8 bytes)
Event: 3.027 Thread 0x00000000198d6000 nmethod 3235 0x00000000035a8d10 code [0x00000000035a8e40, 0x00000000035a8f18]
Event: 3.032 Thread 0x00000000198de000 3242       1       java.lang.Class$MethodArray::get (7 bytes)
Event: 3.032 Thread 0x00000000198de000 nmethod 3242 0x00000000035a89d0 code [0x00000000035a8b20, 0x00000000035a8c50]
Event: 3.034 Thread 0x00000000198de000 3243       3       java.lang.Class::privateGetPublicMethods (267 bytes)
Event: 3.036 Thread 0x00000000198de000 nmethod 3243 0x00000000035ad490 code [0x00000000035ad880, 0x00000000035af608]

GC Heap History (8 events):
Event: 0.929 GC heap before
{Heap before GC invocations=1 (full 0):
 PSYoungGen      total 38400K, used 33280K [0x00000000d5f00000, 0x00000000d8980000, 0x0000000100000000)
  eden space 33280K, 100% used [0x00000000d5f00000,0x00000000d7f80000,0x00000000d7f80000)
  from space 5120K, 0% used [0x00000000d8480000,0x00000000d8480000,0x00000000d8980000)
  to   space 5120K, 0% used [0x00000000d7f80000,0x00000000d7f80000,0x00000000d8480000)
 ParOldGen       total 87552K, used 0K [0x0000000081c00000, 0x0000000087180000, 0x00000000d5f00000)
  object space 87552K, 0% used [0x0000000081c00000,0x0000000081c00000,0x0000000087180000)
 Metaspace       used 8889K, capacity 9046K, committed 9088K, reserved 1056768K
  class space    used 1069K, capacity 1146K, committed 1152K, reserved 1048576K
Event: 0.935 GC heap after
Heap after GC invocations=1 (full 0):
 PSYoungGen      total 38400K, used 5100K [0x00000000d5f00000, 0x00000000d8980000, 0x0000000100000000)
  eden space 33280K, 0% used [0x00000000d5f00000,0x00000000d5f00000,0x00000000d7f80000)
  from space 5120K, 99% used [0x00000000d7f80000,0x00000000d847b320,0x00000000d8480000)
  to   space 5120K, 0% used [0x00000000d8480000,0x00000000d8480000,0x00000000d8980000)
 ParOldGen       total 87552K, used 593K [0x0000000081c00000, 0x0000000087180000, 0x00000000d5f00000)
  object space 87552K, 0% used [0x0000000081c00000,0x0000000081c94508,0x0000000087180000)
 Metaspace       used 8889K, capacity 9046K, committed 9088K, reserved 1056768K
  class space    used 1069K, capacity 1146K, committed 1152K, reserved 1048576K
}
Event: 1.249 GC heap before
{Heap before GC invocations=2 (full 0):
 PSYoungGen      total 38400K, used 38380K [0x00000000d5f00000, 0x00000000d8980000, 0x0000000100000000)
  eden space 33280K, 100% used [0x00000000d5f00000,0x00000000d7f80000,0x00000000d7f80000)
  from space 5120K, 99% used [0x00000000d7f80000,0x00000000d847b320,0x00000000d8480000)
  to   space 5120K, 0% used [0x00000000d8480000,0x00000000d8480000,0x00000000d8980000)
 ParOldGen       total 87552K, used 593K [0x0000000081c00000, 0x0000000087180000, 0x00000000d5f00000)
  object space 87552K, 0% used [0x0000000081c00000,0x0000000081c94508,0x0000000087180000)
 Metaspace       used 12496K, capacity 12622K, committed 12928K, reserved 1060864K
  class space    used 1542K, capacity 1608K, committed 1664K, reserved 1048576K
Event: 1.255 GC heap after
Heap after GC invocations=2 (full 0):
 PSYoungGen      total 38400K, used 5114K [0x00000000d5f00000, 0x00000000daa00000, 0x0000000100000000)
  eden space 33280K, 0% used [0x00000000d5f00000,0x00000000d5f00000,0x00000000d7f80000)
  from space 5120K, 99% used [0x00000000d8480000,0x00000000d897e980,0x00000000d8980000)
  to   space 5120K, 0% used [0x00000000d7f80000,0x00000000d7f80000,0x00000000d8480000)
 ParOldGen       total 87552K, used 3005K [0x0000000081c00000, 0x0000000087180000, 0x00000000d5f00000)
  object space 87552K, 3% used [0x0000000081c00000,0x0000000081eef6c0,0x0000000087180000)
 Metaspace       used 12496K, capacity 12622K, committed 12928K, reserved 1060864K
  class space    used 1542K, capacity 1608K, committed 1664K, reserved 1048576K
}
Event: 1.866 GC heap before
{Heap before GC invocations=3 (full 0):
 PSYoungGen      total 38400K, used 38394K [0x00000000d5f00000, 0x00000000daa00000, 0x0000000100000000)
  eden space 33280K, 100% used [0x00000000d5f00000,0x00000000d7f80000,0x00000000d7f80000)
  from space 5120K, 99% used [0x00000000d8480000,0x00000000d897e980,0x00000000d8980000)
  to   space 5120K, 0% used [0x00000000d7f80000,0x00000000d7f80000,0x00000000d8480000)
 ParOldGen       total 87552K, used 3005K [0x0000000081c00000, 0x0000000087180000, 0x00000000d5f00000)
  object space 87552K, 3% used [0x0000000081c00000,0x0000000081eef6c0,0x0000000087180000)
 Metaspace       used 15666K, capacity 15890K, committed 16128K, reserved 1062912K
  class space    used 1890K, capacity 1978K, committed 2048K, reserved 1048576K
Event: 1.874 GC heap after
Heap after GC invocations=3 (full 0):
 PSYoungGen      total 38400K, used 5112K [0x00000000d5f00000, 0x00000000daa00000, 0x0000000100000000)
  eden space 33280K, 0% used [0x00000000d5f00000,0x00000000d5f00000,0x00000000d7f80000)
  from space 5120K, 99% used [0x00000000d7f80000,0x00000000d847e010,0x00000000d8480000)
  to   space 5120K, 0% used [0x00000000da500000,0x00000000da500000,0x00000000daa00000)
 ParOldGen       total 87552K, used 5491K [0x0000000081c00000, 0x0000000087180000, 0x00000000d5f00000)
  object space 87552K, 6% used [0x0000000081c00000,0x000000008215ce80,0x0000000087180000)
 Metaspace       used 15666K, capacity 15890K, committed 16128K, reserved 1062912K
  class space    used 1890K, capacity 1978K, committed 2048K, reserved 1048576K
}
Event: 2.349 GC heap before
{Heap before GC invocations=4 (full 0):
 PSYoungGen      total 38400K, used 38392K [0x00000000d5f00000, 0x00000000daa00000, 0x0000000100000000)
  eden space 33280K, 100% used [0x00000000d5f00000,0x00000000d7f80000,0x00000000d7f80000)
  from space 5120K, 99% used [0x00000000d7f80000,0x00000000d847e010,0x00000000d8480000)
  to   space 5120K, 0% used [0x00000000da500000,0x00000000da500000,0x00000000daa00000)
 ParOldGen       total 87552K, used 5491K [0x0000000081c00000, 0x0000000087180000, 0x00000000d5f00000)
  object space 87552K, 6% used [0x0000000081c00000,0x000000008215ce80,0x0000000087180000)
 Metaspace       used 16511K, capacity 16948K, committed 17280K, reserved 1064960K
  class space    used 1962K, capacity 2051K, committed 2176K, reserved 1048576K
Event: 2.356 GC heap after
Heap after GC invocations=4 (full 0):
 PSYoungGen      total 71680K, used 5096K [0x00000000d5f00000, 0x00000000daa00000, 0x0000000100000000)
  eden space 66560K, 0% used [0x00000000d5f00000,0x00000000d5f00000,0x00000000da000000)
  from space 5120K, 99% used [0x00000000da500000,0x00000000da9fa040,0x00000000daa00000)
  to   space 5120K, 0% used [0x00000000da000000,0x00000000da000000,0x00000000da500000)
 ParOldGen       total 87552K, used 7684K [0x0000000081c00000, 0x0000000087180000, 0x00000000d5f00000)
  object space 87552K, 8% used [0x0000000081c00000,0x0000000082381360,0x0000000087180000)
 Metaspace       used 16511K, capacity 16948K, committed 17280K, reserved 1064960K
  class space    used 1962K, capacity 2051K, committed 2176K, reserved 1048576K
}

Deoptimization events (10 events):
Event: 2.595 Thread 0x00000000029de000 Uncommon trap: reason=array_check action=maybe_recompile pc=0x00000000033a3548 method=java.util.TimSort.binarySort([Ljava/lang/Object;IIILjava/util/Comparator;)V @ 215
Event: 2.595 Thread 0x00000000029de000 Uncommon trap: reason=array_check action=maybe_recompile pc=0x00000000033a36d4 method=java.util.TimSort.binarySort([Ljava/lang/Object;IIILjava/util/Comparator;)V @ 183
Event: 2.619 Thread 0x00000000029de000 Uncommon trap: reason=array_check action=maybe_recompile pc=0x0000000003496a48 method=java.util.TimSort.binarySort([Ljava/lang/Object;IIILjava/util/Comparator;)V @ 193
Event: 2.620 Thread 0x00000000029de000 Uncommon trap: reason=array_check action=maybe_recompile pc=0x0000000003496a48 method=java.util.TimSort.binarySort([Ljava/lang/Object;IIILjava/util/Comparator;)V @ 193
Event: 2.677 Thread 0x00000000029de000 Uncommon trap: reason=unstable_if action=reinterpret pc=0x000000000314de94 method=java.nio.charset.CharsetEncoder.encode(Ljava/nio/CharBuffer;Ljava/nio/ByteBuffer;Z)Ljava/nio/charset/CoderResult; @ 1
Event: 2.727 Thread 0x00000000029de000 Uncommon trap: reason=unstable_if action=reinterpret pc=0x00000000032c842c method=org.codehaus.plexus.util.xml.pull.MXParser.parseAttribute()C @ 1002
Event: 2.760 Thread 0x00000000029de000 Uncommon trap: reason=unstable_if action=reinterpret pc=0x0000000002ea68dc method=java.lang.String.regionMatches(ZILjava/lang/String;II)Z @ 25
Event: 2.873 Thread 0x00000000029de000 Uncommon trap: reason=unstable_if action=reinterpret pc=0x0000000003069b68 method=sun.misc.URLClassPath$JarLoader.getResource(Ljava/lang/String;Z)Lsun/misc/Resource; @ 62
Event: 2.980 Thread 0x00000000029de000 Uncommon trap: reason=unstable_if action=reinterpret pc=0x000000000354e69c method=java.util.jar.Attributes$Name.isAlpha(C)Z @ 21
Event: 3.016 Thread 0x00000000029de000 Uncommon trap: reason=unstable_if action=reinterpret pc=0x00000000034c6b9c method=java.util.StringTokenizer.setMaxDelimCodePoint()V @ 71

Classes redefined (0 events):
No events

Internal exceptions (10 events):
Event: 1.514 Thread 0x00000000029de000 Exception <a 'java/lang/NullPointerException'> (0x00000000d6c37878) thrown at [C:\re\workspace\8-2-build-windows-amd64-cygwin\jdk8u191\11896\hotspot\src\share\vm\interpreter\linkResolver.cpp, line 1185]
Event: 1.514 Thread 0x00000000029de000 Exception <a 'java/lang/NullPointerException'> (0x00000000d6c37a90) thrown at [C:\re\workspace\8-2-build-windows-amd64-cygwin\jdk8u191\11896\hotspot\src\share\vm\interpreter\linkResolver.cpp, line 1185]
Event: 1.514 Thread 0x00000000029de000 Exception <a 'java/lang/NullPointerException'> (0x00000000d6c37ca8) thrown at [C:\re\workspace\8-2-build-windows-amd64-cygwin\jdk8u191\11896\hotspot\src\share\vm\interpreter\linkResolver.cpp, line 1185]
Event: 1.514 Thread 0x00000000029de000 Exception <a 'java/lang/NullPointerException'> (0x00000000d6c3f5e0) thrown at [C:\re\workspace\8-2-build-windows-amd64-cygwin\jdk8u191\11896\hotspot\src\share\vm\interpreter\linkResolver.cpp, line 1185]
Event: 1.514 Thread 0x00000000029de000 Exception <a 'java/lang/NullPointerException'> (0x00000000d6c3f7f8) thrown at [C:\re\workspace\8-2-build-windows-amd64-cygwin\jdk8u191\11896\hotspot\src\share\vm\interpreter\linkResolver.cpp, line 1185]
Event: 1.514 Thread 0x00000000029de000 Exception <a 'java/lang/NullPointerException'> (0x00000000d6c3fa10) thrown at [C:\re\workspace\8-2-build-windows-amd64-cygwin\jdk8u191\11896\hotspot\src\share\vm\interpreter\linkResolver.cpp, line 1185]
Event: 1.737 Thread 0x00000000029de000 Implicit null exception at 0x00000000031022ce to 0x000000000310355d
Event: 1.768 Thread 0x00000000029de000 Implicit null exception at 0x0000000002e4415b to 0x0000000002e445cd
Event: 1.769 Thread 0x00000000029de000 Implicit null exception at 0x0000000002d6d795 to 0x0000000002d6d96d
Event: 1.769 Thread 0x00000000029de000 Implicit null exception at 0x0000000002d592ef to 0x0000000002d59359

Events (10 events):
Event: 3.033 loading class com/thoughtworks/xstream/mapper/AbstractAttributeAliasingMapper
Event: 3.033 loading class com/thoughtworks/xstream/mapper/AbstractAttributeAliasingMapper done
Event: 3.034 loading class com/thoughtworks/xstream/mapper/SystemAttributeAliasingMapper
Event: 3.034 loading class com/thoughtworks/xstream/mapper/SystemAttributeAliasingMapper done
Event: 3.034 loading class com/thoughtworks/xstream/mapper/SystemAttributeAliasingMapper
Event: 3.034 loading class com/thoughtworks/xstream/mapper/SystemAttributeAliasingMapper done
Event: 3.034 loading class com/thoughtworks/xstream/mapper/ImplicitCollectionMapper
Event: 3.034 loading class com/thoughtworks/xstream/mapper/ImplicitCollectionMapper done
Event: 3.034 loading class com/thoughtworks/xstream/mapper/ImplicitCollectionMapper
Event: 3.034 loading class com/thoughtworks/xstream/mapper/ImplicitCollectionMapper done


Dynamic libraries:
0x00007ff72d290000 - 0x00007ff72d2c7000 	C:\Program Files\Java\jdk1.8.0_191\bin\java.exe
0x00007ffdde1e0000 - 0x00007ffdde3d0000 	C:\Windows\SYSTEM32\ntdll.dll
0x00007ffddd1e0000 - 0x00007ffddd292000 	C:\Windows\System32\KERNEL32.DLL
0x00007ffddb5a0000 - 0x00007ffddb845000 	C:\Windows\System32\KERNELBASE.dll
0x00007ffdde0f0000 - 0x00007ffdde193000 	C:\Windows\System32\ADVAPI32.dll
0x00007ffddc3e0000 - 0x00007ffddc47e000 	C:\Windows\System32\msvcrt.dll
0x00007ffddd0d0000 - 0x00007ffddd167000 	C:\Windows\System32\sechost.dll
0x00007ffddc690000 - 0x00007ffddc7b0000 	C:\Windows\System32\RPCRT4.dll
0x00007ffddddb0000 - 0x00007ffdddf44000 	C:\Windows\System32\USER32.dll
0x00007ffddbad0000 - 0x00007ffddbaf1000 	C:\Windows\System32\win32u.dll
0x00007ffddda30000 - 0x00007ffddda56000 	C:\Windows\System32\GDI32.dll
0x00007ffddb850000 - 0x00007ffddb9e6000 	C:\Windows\System32\gdi32full.dll
0x00007ffddb500000 - 0x00007ffddb59e000 	C:\Windows\System32\msvcp_win.dll
0x00007ffddb1b0000 - 0x00007ffddb2aa000 	C:\Windows\System32\ucrtbase.dll
0x00007ffdda580000 - 0x00007ffdda804000 	C:\Windows\WinSxS\amd64_microsoft.windows.common-controls_6595b64144ccf1df_6.0.18362.1198_none_9e820b57e45ad92f\COMCTL32.dll
0x00007ffddda70000 - 0x00007ffdddda5000 	C:\Windows\System32\combase.dll
0x00007ffddb2b0000 - 0x00007ffddb330000 	C:\Windows\System32\bcryptPrimitives.dll
0x00007ffddd950000 - 0x00007ffddd97e000 	C:\Windows\System32\IMM32.DLL
0x0000000069650000 - 0x0000000069722000 	C:\Program Files\Java\jdk1.8.0_191\jre\bin\msvcr100.dll
0x0000000067160000 - 0x0000000067a04000 	C:\Program Files\Java\jdk1.8.0_191\jre\bin\server\jvm.dll
0x00007ffddda60000 - 0x00007ffddda68000 	C:\Windows\System32\PSAPI.DLL
0x00007ffdd7d80000 - 0x00007ffdd7d89000 	C:\Windows\SYSTEM32\WSOCK32.dll
0x00007ffdd7570000 - 0x00007ffdd7594000 	C:\Windows\SYSTEM32\WINMM.dll
0x00007ffddd800000 - 0x00007ffddd86f000 	C:\Windows\System32\WS2_32.dll
0x00007ffdd3e20000 - 0x00007ffdd3e2a000 	C:\Windows\SYSTEM32\VERSION.dll
0x00007ffdd7480000 - 0x00007ffdd74ad000 	C:\Windows\SYSTEM32\winmmbase.dll
0x00007ffddb160000 - 0x00007ffddb1aa000 	C:\Windows\System32\cfgmgr32.dll
0x0000000069640000 - 0x000000006964f000 	C:\Program Files\Java\jdk1.8.0_191\jre\bin\verify.dll
0x0000000069610000 - 0x0000000069639000 	C:\Program Files\Java\jdk1.8.0_191\jre\bin\java.dll
0x00000000695f0000 - 0x0000000069606000 	C:\Program Files\Java\jdk1.8.0_191\jre\bin\zip.dll
0x00007ffddc9e0000 - 0x00007ffddd0c7000 	C:\Windows\System32\SHELL32.dll
0x00007ffddd980000 - 0x00007ffddda29000 	C:\Windows\System32\shcore.dll
0x00007ffddbb00000 - 0x00007ffddc281000 	C:\Windows\System32\windows.storage.dll
0x00007ffddb130000 - 0x00007ffddb153000 	C:\Windows\System32\profapi.dll
0x00007ffddb0e0000 - 0x00007ffddb12a000 	C:\Windows\System32\powrprof.dll
0x00007ffddb090000 - 0x00007ffddb0a0000 	C:\Windows\System32\UMPDC.dll
0x00007ffddc480000 - 0x00007ffddc4d2000 	C:\Windows\System32\shlwapi.dll
0x00007ffddb0c0000 - 0x00007ffddb0d1000 	C:\Windows\System32\kernel.appcore.dll
0x00007ffddb4e0000 - 0x00007ffddb4f7000 	C:\Windows\System32\cryptsp.dll
0x00007ffdd9dd0000 - 0x00007ffdd9e03000 	C:\Windows\system32\rsaenh.dll
0x00007ffddbaa0000 - 0x00007ffddbac6000 	C:\Windows\System32\bcrypt.dll
0x00007ffddafb0000 - 0x00007ffddafd5000 	C:\Windows\SYSTEM32\USERENV.dll
0x00007ffdda4a0000 - 0x00007ffdda4ac000 	C:\Windows\SYSTEM32\CRYPTBASE.dll
0x00000000695d0000 - 0x00000000695ea000 	C:\Program Files\Java\jdk1.8.0_191\jre\bin\net.dll
0x00007ffdda3c0000 - 0x00007ffdda427000 	C:\Windows\system32\mswsock.dll
0x00007ffdd9f70000 - 0x00007ffdd9faa000 	C:\Windows\SYSTEM32\IPHLPAPI.DLL
0x00007ffddd7f0000 - 0x00007ffddd7f8000 	C:\Windows\System32\NSI.dll
0x00007ffdd5080000 - 0x00007ffdd5096000 	C:\Windows\SYSTEM32\dhcpcsvc6.DLL
0x00007ffdd5030000 - 0x00007ffdd504c000 	C:\Windows\SYSTEM32\dhcpcsvc.DLL
0x00007ffdd9fb0000 - 0x00007ffdda07b000 	C:\Windows\SYSTEM32\DNSAPI.dll
0x00000000695b0000 - 0x00000000695c1000 	C:\Program Files\Java\jdk1.8.0_191\jre\bin\nio.dll
0x00007ffdd7da0000 - 0x00007ffdd7daa000 	C:\Users\ZSY\AppData\Local\Temp\jansi-1.17.1-7804423939247539385.dll
0x00007ffdd7d90000 - 0x00007ffdd7d9a000 	C:\Users\ZSY\AppData\Local\Temp\jansi-1.17.1-664588747610611607.dll
0x00007ffdda9b0000 - 0x00007ffddaba4000 	C:\Windows\SYSTEM32\dbghelp.dll

VM Arguments:
jvm_args: -Dmaven.multiModuleProjectDirectory=D:\IDEA\IdeaProjects\bishe\ssm-01 -Dmaven.home=D:\Maven\apache-maven-3.6.3 -Dclassworlds.conf=D:\Maven\apache-maven-3.6.3\bin\m2.conf -Dmaven.ext.class.path=D:\IDEA\IntelliJ IDEA 2020.1.1\plugins\maven\lib\maven-event-listener.jar -Dfile.encoding=UTF-8 
java_command: org.codehaus.classworlds.Launcher -Didea.version2020.1.1 -s D:\Maven\apache-maven-3.6.3\conf\settings.xml compile war:war
java_class_path (initial): D:\Maven\apache-maven-3.6.3\boot\plexus-classworlds-2.6.0.jar;D:\Maven\apache-maven-3.6.3\boot\plexus-classworlds.license
Launcher Type: SUN_STANDARD

Environment Variables:
PATH=C:\Program Files (x86)\Common Files\Oracle\Java\javapath;E:\oracle\product\10.2.0\db_1\bin;C:\Windows\system32;C:\Windows;C:\Windows\System32\Wbem;C:\Windows\System32\WindowsPowerShell\v1.0\;C:\Windows\System32\OpenSSH\;%JAVA_HOME%\bin;%JAVA_HOME%\jre\bin;D:\Maven\apache-maven-3.6.3\bin\;C:\Program Files (x86)\NVIDIA Corporation\PhysX\Common;C:\Program Files\NVIDIA Corporation\NVIDIA NvDLISR;D:\VisualSVN Server\bin;D:\TortoiseSVN\bin;D:\Git\cmd;D:\nodejs\;D:\Rational\common;D:\TortoiseGit\bin;C:\Users\ZSY\AppData\Local\Microsoft\WindowsApps;C:\Users\ZSY\AppData\Roaming\npm;D:\Microsoft VS Code\bin
USERNAME=ZSY
OS=Windows_NT
PROCESSOR_IDENTIFIER=Intel64 Family 6 Model 60 Stepping 3, GenuineIntel



---------------  S Y S T E M  ---------------

OS: Windows 10.0 , 64 bit Build 18362 (10.0.18362.1110)

CPU:total 8 (initial active 8) (4 cores per cpu, 2 threads per core) family 6 model 60 stepping 3, cmov, cx8, fxsr, mmx, sse, sse2, sse3, ssse3, sse4.1, sse4.2, popcnt, avx, avx2, aes, clmul, erms, lzcnt, ht, tsc, tscinvbit, bmi1, bmi2

Memory: 4k page, physical 8272652k(2381244k free), swap 11156236k(2260452k free)

vm_info: Java HotSpot(TM) 64-Bit Server VM (25.191-b12) for windows-amd64 JRE (1.8.0_191-b12), built on Oct  6 2018 09:29:03 by "java_re" with MS VC++ 10.0 (VS2010)

time: Tue Dec 01 19:06:59 2020
elapsed time: 3 seconds (0d 0h 0m 3s)

