#
# A fatal error has been detected by the Java Runtime Environment:
#
#  EXCEPTION_ACCESS_VIOLATION (0xc0000005) at pc=0x00000000628e4936, pid=3964, tid=0x0000000000002ff0
#
# JRE version: Java(TM) SE Runtime Environment (8.0_191-b12) (build 1.8.0_191-b12)
# Java VM: Java HotSpot(TM) 64-Bit Server VM (25.191-b12 mixed mode windows-amd64 compressed oops)
# Problematic frame:
# V  [jvm.dll+0x4a4936]
#
# Failed to write core dump. Minidumps are not enabled by default on client versions of Windows
#
# If you would like to submit a bug report, please visit:
#   http://bugreport.java.com/bugreport/crash.jsp
#

---------------  T H R E A D  ---------------

Current thread (0x000000001a0f7000):  JavaThread "C2 CompilerThread2" daemon [_thread_in_native, id=12272, stack(0x000000001aac0000,0x000000001abc0000)]

siginfo: ExceptionCode=0xc0000005, reading address 0x000001001a2134c0

Registers:
RAX=0x000000001a0f7000, RBX=0x000000001abbecc0, RCX=0x0000000000000007, RDX=0x0000000000000004
RSP=0x000000001abbc3d0, RBP=0x000000001b5dd530, RSI=0x000000001b1e1730, RDI=0x0000000000000004
R8 =0x000001001a2134c0, R9 =0x0000000062c64570, R10=0x0000000062c64570, R11=0x0000000062440000
R12=0x000000001b1e1730, R13=0x000000001bac52d0, R14=0x000000000000f500, R15=0x0000000000000001
RIP=0x00000000628e4936, EFLAGS=0x0000000000010206

Top of Stack: (sp=0x000000001abbc3d0)
0x000000001abbc3d0:   000000001abbecc0 000000001b1e2670
0x000000001abbc3e0:   000000001b8fb2b0 0000000000007fe8
0x000000001abbc3f0:   0000000000000004 00000000628a85b5
0x000000001abbc400:   000000001b1e1730 0000000000000000
0x000000001abbc410:   000000001b1e1730 00000000628e484c
0x000000001abbc420:   0000000000000000 00000000628fe64d
0x000000001abbc430:   0000000000000004 000000001b1e1690
0x000000001abbc440:   000000001b5dd530 000000001b1e1690
0x000000001abbc450:   000000001bac52d0 0000000000000000
0x000000001abbc460:   000000050004a301 0000000000000001
0x000000001abbc470:   000000001a213280 0000000000000001
0x000000001abbc480:   000000001b1e16a0 0000000000000004
0x000000001abbc490:   000000001b1e1690 0000000062973bee
0x000000001abbc4a0:   000000001b9c2990 000000001abbc660
0x000000001abbc4b0:   000000001b1e1690 0000000000000003
0x000000001abbc4c0:   0000000000000018 0000000000000001 

Instructions: (pc=0x00000000628e4936)
0x00000000628e4916:   00 49 8b 98 88 00 00 00 4c 8b 83 f0 07 00 00 4d
0x00000000628e4926:   85 c0 75 0c e8 e1 fe ff ff 4c 8b 83 f0 07 00 00
0x00000000628e4936:   49 8b 00 48 8b d7 48 89 83 f0 07 00 00 48 8b 5c
0x00000000628e4946:   24 30 33 c0 49 89 00 49 89 40 08 49 89 40 10 49 


Register to memory mapping:

RAX=0x000000001a0f7000 is a thread
RBX=0x000000001abbecc0 is pointing into the stack for thread: 0x000000001a0f7000
RCX=0x0000000000000007 is an unknown value
RDX=0x0000000000000004 is an unknown value
RSP=0x000000001abbc3d0 is pointing into the stack for thread: 0x000000001a0f7000
RBP=0x000000001b5dd530 is an unknown value
RSI=0x000000001b1e1730 is an unknown value
RDI=0x0000000000000004 is an unknown value
R8 =0x000001001a2134c0 is an unknown value
R9 =0x0000000062c64570 is an unknown value
R10=0x0000000062c64570 is an unknown value
R11=0x0000000062440000 is an unknown value
R12=0x000000001b1e1730 is an unknown value
R13=0x000000001bac52d0 is an unknown value
R14=0x000000000000f500 is an unknown value
R15=0x0000000000000001 is an unknown value


Stack: [0x000000001aac0000,0x000000001abc0000],  sp=0x000000001abbc3d0,  free space=1008k
Native frames: (J=compiled Java code, j=interpreted, Vv=VM code, C=native code)
V  [jvm.dll+0x4a4936]
V  [jvm.dll+0x4685b5]
V  [jvm.dll+0x4be64d]
V  [jvm.dll+0x4befb9]
V  [jvm.dll+0x46b833]
V  [jvm.dll+0x47703b]
V  [jvm.dll+0x479947]
V  [jvm.dll+0x45c162]
V  [jvm.dll+0xa6c82]
V  [jvm.dll+0xa75cf]
V  [jvm.dll+0x2461df]
V  [jvm.dll+0x29eb9a]
C  [msvcr100.dll+0x21d9f]
C  [msvcr100.dll+0x21e3b]
C  [KERNEL32.DLL+0x17c24]
C  [ntdll.dll+0x6d4d1]


Current CompileTask:
C2:   2876  615       4       org.codehaus.plexus.util.xml.XmlReader::read (11 bytes)


---------------  P R O C E S S  ---------------

Java Threads: ( => current thread )
  0x000000001a199000 JavaThread "Service Thread" daemon [_thread_blocked, id=4544, stack(0x000000001acc0000,0x000000001adc0000)]
  0x000000001a10c800 JavaThread "C1 CompilerThread3" daemon [_thread_blocked, id=11856, stack(0x000000001abc0000,0x000000001acc0000)]
=>0x000000001a0f7000 JavaThread "C2 CompilerThread2" daemon [_thread_in_native, id=12272, stack(0x000000001aac0000,0x000000001abc0000)]
  0x000000001a09c000 JavaThread "C2 CompilerThread1" daemon [_thread_in_native, id=6364, stack(0x000000001a9c0000,0x000000001aac0000)]
  0x000000001a09b000 JavaThread "C2 CompilerThread0" daemon [_thread_in_native, id=3308, stack(0x000000001a8c0000,0x000000001a9c0000)]
  0x000000001a098800 JavaThread "Attach Listener" daemon [_thread_blocked, id=4516, stack(0x000000001a7c0000,0x000000001a8c0000)]
  0x000000001a0f0000 JavaThread "Signal Dispatcher" daemon [_thread_blocked, id=2776, stack(0x000000001a6c0000,0x000000001a7c0000)]
  0x0000000018283800 JavaThread "Finalizer" daemon [_thread_blocked, id=10400, stack(0x000000001a560000,0x000000001a660000)]
  0x000000001827c800 JavaThread "Reference Handler" daemon [_thread_blocked, id=8936, stack(0x000000001a460000,0x000000001a560000)]
  0x00000000031fe000 JavaThread "main" [_thread_in_vm, id=8036, stack(0x00000000030c0000,0x00000000031c0000)]

Other Threads:
  0x0000000018278800 VMThread [stack: 0x0000000019f60000,0x000000001a060000] [id=8272]
  0x000000001a1b4800 WatcherThread [stack: 0x000000001adc0000,0x000000001aec0000] [id=7496]

VM state:not at safepoint (normal execution)

VM Mutex/Monitor currently owned by a thread: None

Heap:
 PSYoungGen      total 38400K, used 24741K [0x00000000d5f00000, 0x00000000d8980000, 0x0000000100000000)
  eden space 33280K, 74% used [0x00000000d5f00000,0x00000000d7729498,0x00000000d7f80000)
  from space 5120K, 0% used [0x00000000d8480000,0x00000000d8480000,0x00000000d8980000)
  to   space 5120K, 0% used [0x00000000d7f80000,0x00000000d7f80000,0x00000000d8480000)
 ParOldGen       total 87552K, used 0K [0x0000000081c00000, 0x0000000087180000, 0x00000000d5f00000)
  object space 87552K, 0% used [0x0000000081c00000,0x0000000081c00000,0x0000000087180000)
 Metaspace       used 8417K, capacity 8540K, committed 8832K, reserved 1056768K
  class space    used 1006K, capacity 1080K, committed 1152K, reserved 1048576K

Card table byte_map: [0x00000000126c0000,0x0000000012ac0000] byte_map_base: 0x00000000122b2000

Marking Bits: (ParMarkBitMap*) 0x0000000062c63e30
 Begin Bits: [0x0000000013570000, 0x0000000015500000)
 End Bits:   [0x0000000015500000, 0x0000000017490000)

Polling page: 0x00000000014c0000

CodeCache: size=245760Kb used=2936Kb max_used=2936Kb free=242823Kb
 bounds [0x0000000003300000, 0x00000000035f0000, 0x0000000012300000]
 total_blobs=965 nmethods=640 adapters=238
 compilation: enabled

Compilation events (10 events):
Event: 2.823 Thread 0x000000001a09b000  623       4       org.codehaus.plexus.util.xml.pull.MXParser::isNameChar (63 bytes)
Event: 2.824 Thread 0x000000001a09c000 nmethod 614 0x00000000035bfa10 code [0x00000000035bfc20, 0x00000000035c2210]
Event: 2.825 Thread 0x000000001a09b000 nmethod 623 0x00000000035b7a90 code [0x00000000035b7be0, 0x00000000035b7cd8]
Event: 2.825 Thread 0x000000001a09c000  626       4       org.codehaus.plexus.util.InterpolationFilterReader::read (477 bytes)
Event: 2.825 Thread 0x000000001a09b000  627       4       java.io.Reader::read (21 bytes)
Event: 2.828 Thread 0x000000001a09b000 nmethod 627 0x00000000035bdd50 code [0x00000000035bdea0, 0x00000000035be028]
Event: 2.828 Thread 0x000000001a09b000  628       4       sun.nio.cs.UTF_8$Decoder::decodeArrayLoop (691 bytes)
Event: 2.829 Thread 0x000000001a09c000 nmethod 626 0x00000000035bd590 code [0x00000000035bd700, 0x00000000035bd948]
Event: 2.830 Thread 0x000000001a10c800 nmethod 618 0x00000000035c4a50 code [0x00000000035c5400, 0x00000000035cc298]
Event: 2.830 Thread 0x000000001a10c800  625   !   3       sun.nio.cs.StreamDecoder::read (196 bytes)

GC Heap History (0 events):
No events

Deoptimization events (3 events):
Event: 2.760 Thread 0x00000000031fe000 Uncommon trap: reason=unstable_if action=reinterpret pc=0x00000000034e9a24 method=org.codehaus.plexus.util.xml.pull.MXParser.more()C @ 8
Event: 2.778 Thread 0x00000000031fe000 Uncommon trap: reason=unstable_if action=reinterpret pc=0x000000000358e0d4 method=java.nio.charset.CoderResult.isOverflow()Z @ 5
Event: 2.823 Thread 0x00000000031fe000 Uncommon trap: reason=unstable_if action=reinterpret pc=0x00000000035b9be4 method=java.nio.charset.CoderResult.isOverflow()Z @ 5

Classes redefined (0 events):
No events

Internal exceptions (10 events):
Event: 0.290 Thread 0x00000000031fe000 Exception <a 'java/util/zip/ZipException'> (0x00000000d60d05e0) thrown at [C:\re\workspace\8-2-build-windows-amd64-cygwin\jdk8u191\11896\hotspot\src\share\vm\prims\jni.cpp, line 709]
Event: 0.291 Thread 0x00000000031fe000 Exception <a 'java/security/PrivilegedActionException'> (0x00000000d60d0a68) thrown at [C:\re\workspace\8-2-build-windows-amd64-cygwin\jdk8u191\11896\hotspot\src\share\vm\prims\jvm.cpp, line 1435]
Event: 0.291 Thread 0x00000000031fe000 Exception <a 'java/security/PrivilegedActionException'> (0x00000000d60d0c78) thrown at [C:\re\workspace\8-2-build-windows-amd64-cygwin\jdk8u191\11896\hotspot\src\share\vm\prims\jvm.cpp, line 1435]
Event: 1.054 Thread 0x00000000031fe000 Exception <a 'java/security/PrivilegedActionException'> (0x00000000d627d2a8) thrown at [C:\re\workspace\8-2-build-windows-amd64-cygwin\jdk8u191\11896\hotspot\src\share\vm\prims\jvm.cpp, line 1435]
Event: 1.054 Thread 0x00000000031fe000 Exception <a 'java/security/PrivilegedActionException'> (0x00000000d627d6a0) thrown at [C:\re\workspace\8-2-build-windows-amd64-cygwin\jdk8u191\11896\hotspot\src\share\vm\prims\jvm.cpp, line 1435]
Event: 1.055 Thread 0x00000000031fe000 Exception <a 'java/security/PrivilegedActionException'> (0x00000000d6281798) thrown at [C:\re\workspace\8-2-build-windows-amd64-cygwin\jdk8u191\11896\hotspot\src\share\vm\prims\jvm.cpp, line 1435]
Event: 1.055 Thread 0x00000000031fe000 Exception <a 'java/security/PrivilegedActionException'> (0x00000000d6281b90) thrown at [C:\re\workspace\8-2-build-windows-amd64-cygwin\jdk8u191\11896\hotspot\src\share\vm\prims\jvm.cpp, line 1435]
Event: 2.689 Thread 0x00000000031fe000 Exception <a 'java/lang/ArrayIndexOutOfBoundsException'> (0x00000000d72ba390) thrown at [C:\re\workspace\8-2-build-windows-amd64-cygwin\jdk8u191\11896\hotspot\src\share\vm\runtime\sharedRuntime.cpp, line 605]
Event: 2.693 Thread 0x00000000031fe000 Exception <a 'java/lang/ArrayIndexOutOfBoundsException'> (0x00000000d72d3f50) thrown at [C:\re\workspace\8-2-build-windows-amd64-cygwin\jdk8u191\11896\hotspot\src\share\vm\runtime\sharedRuntime.cpp, line 605]
Event: 2.728 Thread 0x00000000031fe000 Exception <a 'java/lang/ArrayIndexOutOfBoundsException'> (0x00000000d7313cd0) thrown at [C:\re\workspace\8-2-build-windows-amd64-cygwin\jdk8u191\11896\hotspot\src\share\vm\runtime\sharedRuntime.cpp, line 605]

Events (10 events):
Event: 2.830 loading class org/apache/maven/project/MavenProjectBuilder
Event: 2.830 loading class org/apache/maven/project/MavenProjectBuilder done
Event: 2.831 loading class org/apache/maven/project/inheritance/ModelInheritanceAssembler
Event: 2.831 loading class org/apache/maven/project/inheritance/ModelInheritanceAssembler done
Event: 2.831 loading class org/apache/maven/project/inheritance/ModelInheritanceAssembler
Event: 2.831 loading class org/apache/maven/project/inheritance/ModelInheritanceAssembler done
Event: 2.831 loading class org/apache/maven/project/interpolation/ModelInterpolator
Event: 2.831 loading class org/apache/maven/project/interpolation/ModelInterpolator done
Event: 2.831 loading class org/apache/maven/project/interpolation/ModelInterpolator
Event: 2.831 loading class org/apache/maven/project/interpolation/ModelInterpolator done


Dynamic libraries:
0x00007ff62d510000 - 0x00007ff62d547000 	C:\Program Files\Java\jdk1.8.0_191\bin\java.exe
0x00007ffa61800000 - 0x00007ffa619f0000 	C:\Windows\SYSTEM32\ntdll.dll
0x00007ffa60580000 - 0x00007ffa60632000 	C:\Windows\System32\KERNEL32.DLL
0x00007ffa5e8d0000 - 0x00007ffa5eb75000 	C:\Windows\System32\KERNELBASE.dll
0x00007ffa60320000 - 0x00007ffa603c3000 	C:\Windows\System32\ADVAPI32.dll
0x00007ffa61720000 - 0x00007ffa617be000 	C:\Windows\System32\msvcrt.dll
0x00007ffa604e0000 - 0x00007ffa60577000 	C:\Windows\System32\sechost.dll
0x00007ffa61460000 - 0x00007ffa61580000 	C:\Windows\System32\RPCRT4.dll
0x00007ffa60760000 - 0x00007ffa608f4000 	C:\Windows\System32\USER32.dll
0x00007ffa5f360000 - 0x00007ffa5f381000 	C:\Windows\System32\win32u.dll
0x00007ffa61220000 - 0x00007ffa61246000 	C:\Windows\System32\GDI32.dll
0x00007ffa5f670000 - 0x00007ffa5f806000 	C:\Windows\System32\gdi32full.dll
0x00007ffa5f810000 - 0x00007ffa5f8ae000 	C:\Windows\System32\msvcp_win.dll
0x00007ffa5e780000 - 0x00007ffa5e87a000 	C:\Windows\System32\ucrtbase.dll
0x00007ffa5dba0000 - 0x00007ffa5de24000 	C:\Windows\WinSxS\amd64_microsoft.windows.common-controls_6595b64144ccf1df_6.0.18362.1198_none_9e820b57e45ad92f\COMCTL32.dll
0x00007ffa60e60000 - 0x00007ffa61195000 	C:\Windows\System32\combase.dll
0x00007ffa5f5f0000 - 0x00007ffa5f670000 	C:\Windows\System32\bcryptPrimitives.dll
0x00007ffa60730000 - 0x00007ffa6075e000 	C:\Windows\System32\IMM32.DLL
0x0000000064110000 - 0x00000000641e2000 	C:\Program Files\Java\jdk1.8.0_191\jre\bin\msvcr100.dll
0x0000000062440000 - 0x0000000062ce4000 	C:\Program Files\Java\jdk1.8.0_191\jre\bin\server\jvm.dll
0x00007ffa60640000 - 0x00007ffa60648000 	C:\Windows\System32\PSAPI.DLL
0x00007ffa5ac10000 - 0x00007ffa5ac34000 	C:\Windows\SYSTEM32\WINMM.dll
0x00007ffa43450000 - 0x00007ffa43459000 	C:\Windows\SYSTEM32\WSOCK32.dll
0x00007ffa54dd0000 - 0x00007ffa54dda000 	C:\Windows\SYSTEM32\VERSION.dll
0x00007ffa61580000 - 0x00007ffa615ef000 	C:\Windows\System32\WS2_32.dll
0x00007ffa5aac0000 - 0x00007ffa5aaed000 	C:\Windows\SYSTEM32\winmmbase.dll
0x00007ffa5e880000 - 0x00007ffa5e8ca000 	C:\Windows\System32\cfgmgr32.dll
0x0000000064100000 - 0x000000006410f000 	C:\Program Files\Java\jdk1.8.0_191\jre\bin\verify.dll
0x0000000062410000 - 0x0000000062439000 	C:\Program Files\Java\jdk1.8.0_191\jre\bin\java.dll
0x00000000623f0000 - 0x0000000062406000 	C:\Program Files\Java\jdk1.8.0_191\jre\bin\zip.dll
0x00007ffa5fc30000 - 0x00007ffa60317000 	C:\Windows\System32\SHELL32.dll
0x00007ffa615f0000 - 0x00007ffa61699000 	C:\Windows\System32\shcore.dll
0x00007ffa5eb80000 - 0x00007ffa5f301000 	C:\Windows\System32\windows.storage.dll
0x00007ffa5e750000 - 0x00007ffa5e773000 	C:\Windows\System32\profapi.dll
0x00007ffa5e6c0000 - 0x00007ffa5e70a000 	C:\Windows\System32\powrprof.dll
0x00007ffa5e6b0000 - 0x00007ffa5e6c0000 	C:\Windows\System32\UMPDC.dll
0x00007ffa612c0000 - 0x00007ffa61312000 	C:\Windows\System32\shlwapi.dll
0x00007ffa5e710000 - 0x00007ffa5e721000 	C:\Windows\System32\kernel.appcore.dll
0x00007ffa5f340000 - 0x00007ffa5f357000 	C:\Windows\System32\cryptsp.dll
0x00007ffa5d3f0000 - 0x00007ffa5d423000 	C:\Windows\system32\rsaenh.dll
0x00007ffa5f310000 - 0x00007ffa5f336000 	C:\Windows\System32\bcrypt.dll
0x00007ffa5e5d0000 - 0x00007ffa5e5f5000 	C:\Windows\SYSTEM32\USERENV.dll
0x00007ffa5dac0000 - 0x00007ffa5dacc000 	C:\Windows\SYSTEM32\CRYPTBASE.dll
0x00000000623d0000 - 0x00000000623ea000 	C:\Program Files\Java\jdk1.8.0_191\jre\bin\net.dll
0x00007ffa5d9e0000 - 0x00007ffa5da47000 	C:\Windows\system32\mswsock.dll
0x00007ffa5d590000 - 0x00007ffa5d5ca000 	C:\Windows\SYSTEM32\IPHLPAPI.DLL
0x00007ffa5f8b0000 - 0x00007ffa5f8b8000 	C:\Windows\System32\NSI.dll
0x00007ffa58590000 - 0x00007ffa585a6000 	C:\Windows\SYSTEM32\dhcpcsvc6.DLL
0x00007ffa58570000 - 0x00007ffa5858c000 	C:\Windows\SYSTEM32\dhcpcsvc.DLL
0x00007ffa5d5d0000 - 0x00007ffa5d69b000 	C:\Windows\SYSTEM32\DNSAPI.dll
0x00000000623b0000 - 0x00000000623c1000 	C:\Program Files\Java\jdk1.8.0_191\jre\bin\nio.dll
0x00007ffa5b420000 - 0x00007ffa5b42a000 	C:\Users\ZSY\AppData\Local\Temp\jansi-1.17.1-144458692597421719.dll
0x00007ffa55100000 - 0x00007ffa5510a000 	C:\Users\ZSY\AppData\Local\Temp\jansi-1.17.1-7653879731425934512.dll
0x00007ffa5dfd0000 - 0x00007ffa5e1c4000 	C:\Windows\SYSTEM32\dbghelp.dll

VM Arguments:
jvm_args: -Dmaven.multiModuleProjectDirectory=D:\IDEA\IdeaProjects\bishe\ssm-01 -Dmaven.home=D:\Maven\apache-maven-3.6.3 -Dclassworlds.conf=D:\Maven\apache-maven-3.6.3\bin\m2.conf -Dmaven.ext.class.path=D:\IDEA\IntelliJ IDEA 2020.1.1\plugins\maven\lib\maven-event-listener.jar -Dfile.encoding=UTF-8 
java_command: org.codehaus.classworlds.Launcher -Didea.version2020.1.1 -s D:\Maven\apache-maven-3.6.3\conf\settings.xml install
java_class_path (initial): D:\Maven\apache-maven-3.6.3\boot\plexus-classworlds-2.6.0.jar;D:\Maven\apache-maven-3.6.3\boot\plexus-classworlds.license
Launcher Type: SUN_STANDARD

Environment Variables:
PATH=C:\Program Files (x86)\Common Files\Oracle\Java\javapath;E:\oracle\product\10.2.0\db_1\bin;C:\Windows\system32;C:\Windows;C:\Windows\System32\Wbem;C:\Windows\System32\WindowsPowerShell\v1.0\;C:\Windows\System32\OpenSSH\;%JAVA_HOME%\bin;%JAVA_HOME%\jre\bin;D:\Maven\apache-maven-3.6.3\bin\;C:\Program Files (x86)\NVIDIA Corporation\PhysX\Common;C:\Program Files\NVIDIA Corporation\NVIDIA NvDLISR;D:\VisualSVN Server\bin;D:\TortoiseSVN\bin;D:\Git\cmd;D:\nodejs\;D:\Rational\common;D:\TortoiseGit\bin;C:\Users\ZSY\AppData\Local\Microsoft\WindowsApps;C:\Users\ZSY\AppData\Roaming\npm;D:\Microsoft VS Code\bin
USERNAME=ZSY
OS=Windows_NT
PROCESSOR_IDENTIFIER=Intel64 Family 6 Model 60 Stepping 3, GenuineIntel



---------------  S Y S T E M  ---------------

OS: Windows 10.0 , 64 bit Build 18362 (10.0.18362.1110)

CPU:total 8 (initial active 8) (4 cores per cpu, 2 threads per core) family 6 model 60 stepping 3, cmov, cx8, fxsr, mmx, sse, sse2, sse3, ssse3, sse4.1, sse4.2, popcnt, avx, avx2, aes, clmul, erms, lzcnt, ht, tsc, tscinvbit, bmi1, bmi2

Memory: 4k page, physical 8272652k(1907160k free), swap 11156236k(2051488k free)

vm_info: Java HotSpot(TM) 64-Bit Server VM (25.191-b12) for windows-amd64 JRE (1.8.0_191-b12), built on Oct  6 2018 09:29:03 by "java_re" with MS VC++ 10.0 (VS2010)

time: Wed Dec 02 18:31:34 2020
elapsed time: 2 seconds (0d 0h 0m 2s)

