#
# A fatal error has been detected by the Java Runtime Environment:
#
#  EXCEPTION_ACCESS_VIOLATION (0xc0000005) at pc=0x000000006f2c4d30, pid=13836, tid=0x000000000000335c
#
# JRE version: Java(TM) SE Runtime Environment (8.0_191-b12) (build 1.8.0_191-b12)
# Java VM: Java HotSpot(TM) 64-Bit Server VM (25.191-b12 mixed mode windows-amd64 compressed oops)
# Problematic frame:
# V  [jvm.dll+0x4a4d30]
#
# Failed to write core dump. Minidumps are not enabled by default on client versions of Windows
#
# If you would like to submit a bug report, please visit:
#   http://bugreport.java.com/bugreport/crash.jsp
#

---------------  T H R E A D  ---------------

Current thread (0x0000000019ab1000):  JavaThread "C2 CompilerThread1" daemon [_thread_in_native, id=13148, stack(0x000000001a320000,0x000000001a420000)]

siginfo: ExceptionCode=0xc0000005, reading address 0x000001006f644570

Registers:
RAX=0x0000000000000000, RBX=0x000000000000173a, RCX=0x000001006f644570, RDX=0x0000000000000000
RSP=0x000000001a41bf40, RBP=0x0000000000000022, RSI=0x0000000000000110, RDI=0x000000001a41bf90
R8 =0x0000000000000000, R9 =0x00000000000a2960, R10=0x000000001a41c2e0, R11=0x000000000000000a
R12=0x000000001f61d050, R13=0x000000001a41c5d0, R14=0x000000006ee20000, R15=0x000000006f644570
RIP=0x000000006f2c4d30, EFLAGS=0x0000000000010246

Top of Stack: (sp=0x000000001a41bf40)
0x000000001a41bf40:   000000001a41e980 00000000210c5510
0x000000001a41bf50:   0000000000007fe8 0000000002ba0000
0x000000001a41bf60:   00000000210c7c70 000000006f2c0400
0x000000001a41bf70:   000000000000157f 000000000000173a
0x000000001a41bf80:   0000000000097bb0 00000000000015ad
0x000000001a41bf90:   0000173f00000000 0000000000000002
0x000000001a41bfa0:   000001006f644570 0000000000000018
0x000000001a41bfb0:   000000001e58e0d0 0000000000000047
0x000000001a41bfc0:   000000001a41c150 000000006f2fcae4
0x000000001a41bfd0:   0000000000000003 000000001a847e90
0x000000001a41bfe0:   000000001ccbb9d0 000000001f61d050
0x000000001a41bff0:   000000001a41c5d0 000000006f2c19a8
0x000000001a41c000:   0000000000097bb0 0000000000092d60
0x000000001a41c010:   000000001a41c100 000000001f634c48
0x000000001a41c020:   0000000300000000 000000000000000b
0x000000001a41c030:   000000001a847e90 000015ad00000000 

Instructions: (pc=0x000000006f2c4d30)
0x000000006f2c4d10:   48 8b 4f 20 48 39 04 0e 0f 84 9d 00 00 00 48 8b
0x000000006f2c4d20:   0c 0e 33 d2 33 c0 48 89 4f 10 66 0f 1f 44 00 00
0x000000006f2c4d30:   83 3c 08 00 0f 85 36 01 00 00 ff c2 48 83 c0 04
0x000000006f2c4d40:   83 fa 08 72 eb 48 8b 47 30 48 89 44 24 30 48 85 


Register to memory mapping:

RAX=0x0000000000000000 is an unknown value
RBX=0x000000000000173a is an unknown value
RCX=0x000001006f644570 is an unknown value
RDX=0x0000000000000000 is an unknown value
RSP=0x000000001a41bf40 is pointing into the stack for thread: 0x0000000019ab1000
RBP=0x0000000000000022 is an unknown value
RSI=0x0000000000000110 is an unknown value
RDI=0x000000001a41bf90 is pointing into the stack for thread: 0x0000000019ab1000
R8 =0x0000000000000000 is an unknown value
R9 =0x00000000000a2960 is an unknown value
R10=0x000000001a41c2e0 is pointing into the stack for thread: 0x0000000019ab1000
R11=0x000000000000000a is an unknown value
R12=0x000000001f61d050 is an unknown value
R13=0x000000001a41c5d0 is pointing into the stack for thread: 0x0000000019ab1000
R14=0x000000006ee20000 is an unknown value
R15=0x000000006f644570 is an unknown value


Stack: [0x000000001a320000,0x000000001a420000],  sp=0x000000001a41bf40,  free space=1007k
Native frames: (J=compiled Java code, j=interpreted, Vv=VM code, C=native code)
V  [jvm.dll+0x4a4d30]
V  [jvm.dll+0x4a0400]
V  [jvm.dll+0x4a19a8]
V  [jvm.dll+0x46bcf8]
V  [jvm.dll+0x47703b]
V  [jvm.dll+0x479947]
V  [jvm.dll+0x45c162]
V  [jvm.dll+0xa6c82]
V  [jvm.dll+0xa75cf]
V  [jvm.dll+0x2461df]
V  [jvm.dll+0x29eb9a]
C  [msvcr100.dll+0x21d9f]
C  [msvcr100.dll+0x21e3b]
C  [KERNEL32.DLL+0x17c24]
C  [ntdll.dll+0x6d4d1]


Current CompileTask:
C2:   1975 1572   !   4       java.net.URLClassLoader$1::run (63 bytes)


---------------  P R O C E S S  ---------------

Java Threads: ( => current thread )
  0x0000000019b48000 JavaThread "Service Thread" daemon [_thread_blocked, id=11272, stack(0x000000001a620000,0x000000001a720000)]
  0x0000000019aba800 JavaThread "C1 CompilerThread3" daemon [_thread_in_native, id=3344, stack(0x000000001a520000,0x000000001a620000)]
  0x0000000019ab4000 JavaThread "C2 CompilerThread2" daemon [_thread_in_native, id=9428, stack(0x000000001a420000,0x000000001a520000)]
=>0x0000000019ab1000 JavaThread "C2 CompilerThread1" daemon [_thread_in_native, id=13148, stack(0x000000001a320000,0x000000001a420000)]
  0x0000000019a5a000 JavaThread "C2 CompilerThread0" daemon [_thread_in_native, id=3800, stack(0x000000001a220000,0x000000001a320000)]
  0x0000000019a56800 JavaThread "Attach Listener" daemon [_thread_blocked, id=6244, stack(0x000000001a120000,0x000000001a220000)]
  0x0000000019ab0000 JavaThread "Signal Dispatcher" daemon [_thread_blocked, id=11248, stack(0x000000001a020000,0x000000001a120000)]
  0x0000000002ca9000 JavaThread "Finalizer" daemon [_thread_blocked, id=8780, stack(0x0000000019f20000,0x000000001a020000)]
  0x0000000017c2d800 JavaThread "Reference Handler" daemon [_thread_blocked, id=10248, stack(0x0000000019e20000,0x0000000019f20000)]
  0x0000000002bae000 JavaThread "main" [_thread_in_Java, id=7624, stack(0x0000000002a60000,0x0000000002b60000)]

Other Threads:
  0x0000000017c29000 VMThread [stack: 0x0000000019920000,0x0000000019a20000] [id=3412]
  0x0000000019ad9000 WatcherThread [stack: 0x000000001a720000,0x000000001a820000] [id=3340]

VM state:not at safepoint (normal execution)

VM Mutex/Monitor currently owned by a thread:  ([mutex/lock_event])
[0x0000000002bb17d0] Compile_lock - owner thread: 0x0000000019aba800

Heap:
 PSYoungGen      total 38400K, used 29898K [0x00000000d5f00000, 0x00000000daa00000, 0x0000000100000000)
  eden space 33280K, 74% used [0x00000000d5f00000,0x00000000d7734b18,0x00000000d7f80000)
  from space 5120K, 99% used [0x00000000d7f80000,0x00000000d847e030,0x00000000d8480000)
  to   space 5120K, 0% used [0x00000000da500000,0x00000000da500000,0x00000000daa00000)
 ParOldGen       total 87552K, used 5747K [0x0000000081c00000, 0x0000000087180000, 0x00000000d5f00000)
  object space 87552K, 6% used [0x0000000081c00000,0x000000008219cf70,0x0000000087180000)
 Metaspace       used 16083K, capacity 16454K, committed 16640K, reserved 1064960K
  class space    used 1908K, capacity 2010K, committed 2048K, reserved 1048576K

Card table byte_map: [0x0000000012070000,0x0000000012470000] byte_map_base: 0x0000000011c62000

Marking Bits: (ParMarkBitMap*) 0x000000006f643e30
 Begin Bits: [0x0000000012f20000, 0x0000000014eb0000)
 End Bits:   [0x0000000014eb0000, 0x0000000016e40000)

Polling page: 0x0000000000e20000

CodeCache: size=245760Kb used=8129Kb max_used=8129Kb free=237630Kb
 bounds [0x0000000002cb0000, 0x00000000034b0000, 0x0000000011cb0000]
 total_blobs=2874 nmethods=2499 adapters=287
 compilation: enabled

Compilation events (10 events):
Event: 1.900 Thread 0x0000000019aba800 nmethod 2407 0x0000000003456c10 code [0x0000000003456d80, 0x0000000003456fe8]
Event: 1.903 Thread 0x0000000019ab4000 nmethod 2400 0x000000000345a3d0 code [0x000000000345a540, 0x000000000345abd8]
Event: 1.903 Thread 0x0000000019ab4000 2404       4       org.codehaus.plexus.util.xml.pull.MXParser::ensureElementsCapacity (265 bytes)
Event: 1.909 Thread 0x0000000019aba800 2408       3       org.codehaus.plexus.interpolation.StringSearchInterpolator::addValueSource (12 bytes)
Event: 1.910 Thread 0x0000000019aba800 nmethod 2408 0x0000000003459f50 code [0x000000000345a0c0, 0x000000000345a2e8]
Event: 1.913 Thread 0x0000000019aba800 2410       3       org.apache.maven.model.ConfigurationContainer::setConfiguration (6 bytes)
Event: 1.913 Thread 0x0000000019aba800 nmethod 2410 0x0000000003450250 code [0x00000000034503a0, 0x0000000003450510]
Event: 1.915 Thread 0x0000000019aba800 2411       3       org.apache.maven.model.ModelBase::setLocation (390 bytes)
Event: 1.915 Thread 0x0000000019ab4000 nmethod 2404 0x00000000034573d0 code [0x0000000003457560, 0x0000000003458458]
Event: 1.915 Thread 0x0000000019ab4000 2406       4       java.util.regex.Pattern$GroupHead::match (47 bytes)

GC Heap History (6 events):
Event: 0.837 GC heap before
{Heap before GC invocations=1 (full 0):
 PSYoungGen      total 38400K, used 33280K [0x00000000d5f00000, 0x00000000d8980000, 0x0000000100000000)
  eden space 33280K, 100% used [0x00000000d5f00000,0x00000000d7f80000,0x00000000d7f80000)
  from space 5120K, 0% used [0x00000000d8480000,0x00000000d8480000,0x00000000d8980000)
  to   space 5120K, 0% used [0x00000000d7f80000,0x00000000d7f80000,0x00000000d8480000)
 ParOldGen       total 87552K, used 0K [0x0000000081c00000, 0x0000000087180000, 0x00000000d5f00000)
  object space 87552K, 0% used [0x0000000081c00000,0x0000000081c00000,0x0000000087180000)
 Metaspace       used 8952K, capacity 9062K, committed 9088K, reserved 1056768K
  class space    used 1074K, capacity 1146K, committed 1152K, reserved 1048576K
Event: 0.842 GC heap after
Heap after GC invocations=1 (full 0):
 PSYoungGen      total 38400K, used 5119K [0x00000000d5f00000, 0x00000000d8980000, 0x0000000100000000)
  eden space 33280K, 0% used [0x00000000d5f00000,0x00000000d5f00000,0x00000000d7f80000)
  from space 5120K, 99% used [0x00000000d7f80000,0x00000000d847fdb0,0x00000000d8480000)
  to   space 5120K, 0% used [0x00000000d8480000,0x00000000d8480000,0x00000000d8980000)
 ParOldGen       total 87552K, used 732K [0x0000000081c00000, 0x0000000087180000, 0x00000000d5f00000)
  object space 87552K, 0% used [0x0000000081c00000,0x0000000081cb7140,0x0000000087180000)
 Metaspace       used 8952K, capacity 9062K, committed 9088K, reserved 1056768K
  class space    used 1074K, capacity 1146K, committed 1152K, reserved 1048576K
}
Event: 1.130 GC heap before
{Heap before GC invocations=2 (full 0):
 PSYoungGen      total 38400K, used 38399K [0x00000000d5f00000, 0x00000000d8980000, 0x0000000100000000)
  eden space 33280K, 100% used [0x00000000d5f00000,0x00000000d7f80000,0x00000000d7f80000)
  from space 5120K, 99% used [0x00000000d7f80000,0x00000000d847fdb0,0x00000000d8480000)
  to   space 5120K, 0% used [0x00000000d8480000,0x00000000d8480000,0x00000000d8980000)
 ParOldGen       total 87552K, used 732K [0x0000000081c00000, 0x0000000087180000, 0x00000000d5f00000)
  object space 87552K, 0% used [0x0000000081c00000,0x0000000081cb7140,0x0000000087180000)
 Metaspace       used 12523K, capacity 12734K, committed 12928K, reserved 1060864K
  class space    used 1549K, capacity 1640K, committed 1664K, reserved 1048576K
Event: 1.136 GC heap after
Heap after GC invocations=2 (full 0):
 PSYoungGen      total 38400K, used 5108K [0x00000000d5f00000, 0x00000000daa00000, 0x0000000100000000)
  eden space 33280K, 0% used [0x00000000d5f00000,0x00000000d5f00000,0x00000000d7f80000)
  from space 5120K, 99% used [0x00000000d8480000,0x00000000d897d0b8,0x00000000d8980000)
  to   space 5120K, 0% used [0x00000000d7f80000,0x00000000d7f80000,0x00000000d8480000)
 ParOldGen       total 87552K, used 3198K [0x0000000081c00000, 0x0000000087180000, 0x00000000d5f00000)
  object space 87552K, 3% used [0x0000000081c00000,0x0000000081f1f828,0x0000000087180000)
 Metaspace       used 12523K, capacity 12734K, committed 12928K, reserved 1060864K
  class space    used 1549K, capacity 1640K, committed 1664K, reserved 1048576K
}
Event: 1.640 GC heap before
{Heap before GC invocations=3 (full 0):
 PSYoungGen      total 38400K, used 38388K [0x00000000d5f00000, 0x00000000daa00000, 0x0000000100000000)
  eden space 33280K, 100% used [0x00000000d5f00000,0x00000000d7f80000,0x00000000d7f80000)
  from space 5120K, 99% used [0x00000000d8480000,0x00000000d897d0b8,0x00000000d8980000)
  to   space 5120K, 0% used [0x00000000d7f80000,0x00000000d7f80000,0x00000000d8480000)
 ParOldGen       total 87552K, used 3198K [0x0000000081c00000, 0x0000000087180000, 0x00000000d5f00000)
  object space 87552K, 3% used [0x0000000081c00000,0x0000000081f1f828,0x0000000087180000)
 Metaspace       used 15681K, capacity 15970K, committed 16128K, reserved 1062912K
  class space    used 1890K, capacity 1978K, committed 2048K, reserved 1048576K
Event: 1.647 GC heap after
Heap after GC invocations=3 (full 0):
 PSYoungGen      total 38400K, used 5112K [0x00000000d5f00000, 0x00000000daa00000, 0x0000000100000000)
  eden space 33280K, 0% used [0x00000000d5f00000,0x00000000d5f00000,0x00000000d7f80000)
  from space 5120K, 99% used [0x00000000d7f80000,0x00000000d847e030,0x00000000d8480000)
  to   space 5120K, 0% used [0x00000000da500000,0x00000000da500000,0x00000000daa00000)
 ParOldGen       total 87552K, used 5747K [0x0000000081c00000, 0x0000000087180000, 0x00000000d5f00000)
  object space 87552K, 6% used [0x0000000081c00000,0x000000008219cf70,0x0000000087180000)
 Metaspace       used 15681K, capacity 15970K, committed 16128K, reserved 1062912K
  class space    used 1890K, capacity 1978K, committed 2048K, reserved 1048576K
}

Deoptimization events (10 events):
Event: 1.391 Thread 0x0000000002bae000 Uncommon trap: reason=unstable_if action=reinterpret pc=0x0000000002e808f0 method=java.lang.String.replace(CC)Ljava/lang/String; @ 2
Event: 1.552 Thread 0x0000000002bae000 Uncommon trap: reason=unstable_if action=reinterpret pc=0x0000000003004028 method=java.util.HashMap.hash(Ljava/lang/Object;)I @ 1
Event: 1.553 Thread 0x0000000002bae000 Uncommon trap: reason=unstable_if action=reinterpret pc=0x0000000002f2dcbc method=java.util.HashMap.hash(Ljava/lang/Object;)I @ 1
Event: 1.553 Thread 0x0000000002bae000 Uncommon trap: reason=unstable_if action=reinterpret pc=0x0000000003000fe8 method=java.util.HashMap.hash(Ljava/lang/Object;)I @ 1
Event: 1.609 Thread 0x0000000002bae000 Uncommon trap: reason=null_check action=make_not_entrant pc=0x000000000331d134 method=org.apache.maven.model.io.xpp3.MavenXpp3Reader.checkFieldWithDuplicate(Lorg/codehaus/plexus/util/xml/pull/XmlPullParser;Ljava/lang/String;Ljava/lang/String;Ljava/util/Se
Event: 1.638 Thread 0x0000000002bae000 Uncommon trap: reason=unstable_if action=reinterpret pc=0x00000000032eab10 method=java.lang.String.trim()Ljava/lang/String; @ 63
Event: 1.651 Thread 0x0000000002bae000 Uncommon trap: reason=predicate action=maybe_recompile pc=0x0000000002f7e0c8 method=java.nio.charset.CharsetDecoder.decode(Ljava/nio/ByteBuffer;Ljava/nio/CharBuffer;Z)Ljava/nio/charset/CoderResult; @ 54
Event: 1.667 Thread 0x0000000002bae000 Uncommon trap: reason=unstable_if action=reinterpret pc=0x00000000032e98a8 method=org.codehaus.plexus.util.xml.pull.MXParser.isS(C)Z @ 21
Event: 1.701 Thread 0x0000000002bae000 Uncommon trap: reason=unstable_if action=reinterpret pc=0x0000000003293258 method=org.codehaus.plexus.util.xml.pull.MXParser.isS(C)Z @ 21
Event: 1.734 Thread 0x0000000002bae000 Uncommon trap: reason=unstable_if action=reinterpret pc=0x0000000002f2d504 method=java.util.HashMap.getNode(ILjava/lang/Object;)Ljava/util/HashMap$Node; @ 53

Classes redefined (0 events):
No events

Internal exceptions (10 events):
Event: 1.334 Thread 0x0000000002bae000 Exception <a 'java/lang/NullPointerException'> (0x00000000d6beeca8) thrown at [C:\re\workspace\8-2-build-windows-amd64-cygwin\jdk8u191\11896\hotspot\src\share\vm\interpreter\linkResolver.cpp, line 1185]
Event: 1.334 Thread 0x0000000002bae000 Exception <a 'java/lang/NullPointerException'> (0x00000000d6beeec0) thrown at [C:\re\workspace\8-2-build-windows-amd64-cygwin\jdk8u191\11896\hotspot\src\share\vm\interpreter\linkResolver.cpp, line 1185]
Event: 1.334 Thread 0x0000000002bae000 Exception <a 'java/lang/NullPointerException'> (0x00000000d6bef0d8) thrown at [C:\re\workspace\8-2-build-windows-amd64-cygwin\jdk8u191\11896\hotspot\src\share\vm\interpreter\linkResolver.cpp, line 1185]
Event: 1.335 Thread 0x0000000002bae000 Exception <a 'java/lang/NullPointerException'> (0x00000000d6bf6a10) thrown at [C:\re\workspace\8-2-build-windows-amd64-cygwin\jdk8u191\11896\hotspot\src\share\vm\interpreter\linkResolver.cpp, line 1185]
Event: 1.335 Thread 0x0000000002bae000 Exception <a 'java/lang/NullPointerException'> (0x00000000d6bf6c28) thrown at [C:\re\workspace\8-2-build-windows-amd64-cygwin\jdk8u191\11896\hotspot\src\share\vm\interpreter\linkResolver.cpp, line 1185]
Event: 1.335 Thread 0x0000000002bae000 Exception <a 'java/lang/NullPointerException'> (0x00000000d6bf6e40) thrown at [C:\re\workspace\8-2-build-windows-amd64-cygwin\jdk8u191\11896\hotspot\src\share\vm\interpreter\linkResolver.cpp, line 1185]
Event: 1.552 Thread 0x0000000002bae000 Implicit null exception at 0x0000000003003b9b to 0x000000000300400d
Event: 1.553 Thread 0x0000000002bae000 Implicit null exception at 0x0000000002f2dad5 to 0x0000000002f2dcad
Event: 1.553 Thread 0x0000000002bae000 Implicit null exception at 0x0000000003000f6f to 0x0000000003000fd9
Event: 1.609 Thread 0x0000000002bae000 Implicit null exception at 0x000000000331bde3 to 0x000000000331d11d

Events (10 events):
Event: 1.824 loading class org/eclipse/aether/graph/Dependency$Exclusions$1
Event: 1.824 loading class org/eclipse/aether/graph/Dependency$Exclusions$1 done
Event: 1.825 loading class org/eclipse/aether/util/graph/selector/ExclusionDependencySelector$ExclusionComparator
Event: 1.825 loading class org/eclipse/aether/util/graph/selector/ExclusionDependencySelector$ExclusionComparator done
Event: 1.840 loading class org/eclipse/aether/collection/DependencyManagement
Event: 1.840 loading class org/eclipse/aether/collection/DependencyManagement done
Event: 1.877 Thread 0x0000000002bae000 DEOPT PACKING pc=0x000000000325eea2 sp=0x0000000002b5d350
Event: 1.877 Thread 0x0000000002bae000 DEOPT UNPACKING pc=0x0000000002cf7890 sp=0x0000000002b5d0f0 mode 0
Event: 1.909 Executing VM operation: ForceSafepoint
Event: 1.910 Executing VM operation: ForceSafepoint done


Dynamic libraries:
0x00007ff61bf30000 - 0x00007ff61bf67000 	C:\Program Files\Java\jdk1.8.0_191\bin\java.exe
0x00007ffb1e5e0000 - 0x00007ffb1e7d0000 	C:\Windows\SYSTEM32\ntdll.dll
0x00007ffb1d130000 - 0x00007ffb1d1e2000 	C:\Windows\System32\KERNEL32.DLL
0x00007ffb1be90000 - 0x00007ffb1c135000 	C:\Windows\System32\KERNELBASE.dll
0x00007ffb1d940000 - 0x00007ffb1d9e3000 	C:\Windows\System32\ADVAPI32.dll
0x00007ffb1dc70000 - 0x00007ffb1dd0e000 	C:\Windows\System32\msvcrt.dll
0x00007ffb1cba0000 - 0x00007ffb1cc37000 	C:\Windows\System32\sechost.dll
0x00007ffb1db50000 - 0x00007ffb1dc70000 	C:\Windows\System32\RPCRT4.dll
0x00007ffb1cd70000 - 0x00007ffb1cf04000 	C:\Windows\System32\USER32.dll
0x00007ffb1be10000 - 0x00007ffb1be31000 	C:\Windows\System32\win32u.dll
0x00007ffb1df90000 - 0x00007ffb1dfb6000 	C:\Windows\System32\GDI32.dll
0x00007ffb1c4f0000 - 0x00007ffb1c686000 	C:\Windows\System32\gdi32full.dll
0x00007ffb1c240000 - 0x00007ffb1c2de000 	C:\Windows\System32\msvcp_win.dll
0x00007ffb1c140000 - 0x00007ffb1c23a000 	C:\Windows\System32\ucrtbase.dll
0x00007ffb07b10000 - 0x00007ffb07d94000 	C:\Windows\WinSxS\amd64_microsoft.windows.common-controls_6595b64144ccf1df_6.0.18362.1256_none_9e7e379be45e40e2\COMCTL32.dll
0x00007ffb1dfc0000 - 0x00007ffb1e2f6000 	C:\Windows\System32\combase.dll
0x00007ffb1c2e0000 - 0x00007ffb1c361000 	C:\Windows\System32\bcryptPrimitives.dll
0x00007ffb1cb70000 - 0x00007ffb1cb9e000 	C:\Windows\System32\IMM32.DLL
0x0000000070af0000 - 0x0000000070bc2000 	C:\Program Files\Java\jdk1.8.0_191\jre\bin\msvcr100.dll
0x000000006ee20000 - 0x000000006f6c4000 	C:\Program Files\Java\jdk1.8.0_191\jre\bin\server\jvm.dll
0x00007ffb1e440000 - 0x00007ffb1e448000 	C:\Windows\System32\PSAPI.DLL
0x00007ffb01340000 - 0x00007ffb01349000 	C:\Windows\SYSTEM32\WSOCK32.dll
0x00007ffb139b0000 - 0x00007ffb139ba000 	C:\Windows\SYSTEM32\VERSION.dll
0x00007ffb17e40000 - 0x00007ffb17e64000 	C:\Windows\SYSTEM32\WINMM.dll
0x00007ffb1cff0000 - 0x00007ffb1d05f000 	C:\Windows\System32\WS2_32.dll
0x00007ffb17e00000 - 0x00007ffb17e2d000 	C:\Windows\SYSTEM32\winmmbase.dll
0x00007ffb1be40000 - 0x00007ffb1be8a000 	C:\Windows\System32\cfgmgr32.dll
0x0000000070ae0000 - 0x0000000070aef000 	C:\Program Files\Java\jdk1.8.0_191\jre\bin\verify.dll
0x0000000070ab0000 - 0x0000000070ad9000 	C:\Program Files\Java\jdk1.8.0_191\jre\bin\java.dll
0x0000000070a90000 - 0x0000000070aa6000 	C:\Program Files\Java\jdk1.8.0_191\jre\bin\zip.dll
0x00007ffb1d1f0000 - 0x00007ffb1d8d7000 	C:\Windows\System32\SHELL32.dll
0x00007ffb1cc40000 - 0x00007ffb1cce9000 	C:\Windows\System32\shcore.dll
0x00007ffb1b550000 - 0x00007ffb1bcd1000 	C:\Windows\System32\windows.storage.dll
0x00007ffb1b4d0000 - 0x00007ffb1b4f3000 	C:\Windows\System32\profapi.dll
0x00007ffb1b500000 - 0x00007ffb1b54a000 	C:\Windows\System32\powrprof.dll
0x00007ffb1b480000 - 0x00007ffb1b490000 	C:\Windows\System32\UMPDC.dll
0x00007ffb1cb00000 - 0x00007ffb1cb52000 	C:\Windows\System32\shlwapi.dll
0x00007ffb1b4b0000 - 0x00007ffb1b4c1000 	C:\Windows\System32\kernel.appcore.dll
0x00007ffb1bd40000 - 0x00007ffb1bd57000 	C:\Windows\System32\cryptsp.dll
0x00007ffb1a840000 - 0x00007ffb1a873000 	C:\Windows\system32\rsaenh.dll
0x00007ffb1c4c0000 - 0x00007ffb1c4e6000 	C:\Windows\System32\bcrypt.dll
0x00007ffb1b3a0000 - 0x00007ffb1b3c5000 	C:\Windows\SYSTEM32\USERENV.dll
0x00007ffb1aea0000 - 0x00007ffb1aeac000 	C:\Windows\SYSTEM32\CRYPTBASE.dll
0x0000000070a70000 - 0x0000000070a8a000 	C:\Program Files\Java\jdk1.8.0_191\jre\bin\net.dll
0x00007ffb1acd0000 - 0x00007ffb1ad37000 	C:\Windows\system32\mswsock.dll
0x00007ffb1a9e0000 - 0x00007ffb1aa1a000 	C:\Windows\SYSTEM32\IPHLPAPI.DLL
0x00007ffb1cd60000 - 0x00007ffb1cd68000 	C:\Windows\System32\NSI.dll
0x00007ffb14bc0000 - 0x00007ffb14bd6000 	C:\Windows\SYSTEM32\dhcpcsvc6.DLL
0x00007ffb14ba0000 - 0x00007ffb14bbc000 	C:\Windows\SYSTEM32\dhcpcsvc.DLL
0x00007ffb1aa20000 - 0x00007ffb1aaeb000 	C:\Windows\SYSTEM32\DNSAPI.dll
0x0000000070a50000 - 0x0000000070a61000 	C:\Program Files\Java\jdk1.8.0_191\jre\bin\nio.dll
0x00007ffb187b0000 - 0x00007ffb187ba000 	C:\Users\ZSY\AppData\Local\Temp\jansi-1.17.1-6505004900344764408.dll
0x00007ffb130a0000 - 0x00007ffb130aa000 	C:\Users\ZSY\AppData\Local\Temp\jansi-1.17.1-8945009781507220558.dll
0x00007ffb106f0000 - 0x00007ffb108e4000 	C:\Windows\SYSTEM32\dbghelp.dll

VM Arguments:
jvm_args: -Dmaven.multiModuleProjectDirectory=D:\IDEA\IdeaProjects\bishe\ssm-01 -Dmaven.home=D:\Maven\apache-maven-3.6.3 -Dclassworlds.conf=D:\Maven\apache-maven-3.6.3\bin\m2.conf -Dmaven.ext.class.path=D:\IDEA\IntelliJ IDEA 2020.1.1\plugins\maven\lib\maven-event-listener.jar -Dfile.encoding=UTF-8 
java_command: org.codehaus.classworlds.Launcher -Didea.version2020.1.1 -s D:\Maven\apache-maven-3.6.3\conf\settings.xml -DskipTests=true compile war:war
java_class_path (initial): D:\Maven\apache-maven-3.6.3\boot\plexus-classworlds-2.6.0.jar;D:\Maven\apache-maven-3.6.3\boot\plexus-classworlds.license
Launcher Type: SUN_STANDARD

Environment Variables:
PATH=C:\Program Files (x86)\Common Files\Oracle\Java\javapath;E:\oracle\product\10.2.0\db_1\bin;C:\Windows\system32;C:\Windows;C:\Windows\System32\Wbem;C:\Windows\System32\WindowsPowerShell\v1.0\;C:\Windows\System32\OpenSSH\;%JAVA_HOME%\bin;%JAVA_HOME%\jre\bin;D:\Maven\apache-maven-3.6.3\bin\;C:\Program Files (x86)\NVIDIA Corporation\PhysX\Common;C:\Program Files\NVIDIA Corporation\NVIDIA NvDLISR;D:\Git\cmd;D:\nodejs\;D:\Rational\common;D:\TortoiseGit\bin;C:\Users\ZSY\AppData\Local\Microsoft\WindowsApps;C:\Users\ZSY\AppData\Roaming\npm;D:\Microsoft VS Code\bin
USERNAME=ZSY
OS=Windows_NT
PROCESSOR_IDENTIFIER=Intel64 Family 6 Model 60 Stepping 3, GenuineIntel



---------------  S Y S T E M  ---------------

OS: Windows 10.0 , 64 bit Build 18362 (10.0.18362.1110)

CPU:total 8 (initial active 8) (4 cores per cpu, 2 threads per core) family 6 model 60 stepping 3, cmov, cx8, fxsr, mmx, sse, sse2, sse3, ssse3, sse4.1, sse4.2, popcnt, avx, avx2, aes, clmul, erms, lzcnt, ht, tsc, tscinvbit, bmi1, bmi2

Memory: 4k page, physical 8272648k(2320076k free), swap 11811592k(3762332k free)

vm_info: Java HotSpot(TM) 64-Bit Server VM (25.191-b12) for windows-amd64 JRE (1.8.0_191-b12), built on Oct  6 2018 09:29:03 by "java_re" with MS VC++ 10.0 (VS2010)

time: Sun Dec 27 19:48:45 2020
elapsed time: 1 seconds (0d 0h 0m 1s)

