#
# A fatal error has been detected by the Java Runtime Environment:
#
#  EXCEPTION_ACCESS_VIOLATION (0xc0000005) at pc=0x0000000066ac01ea, pid=12444, tid=0x0000000000002c04
#
# JRE version: Java(TM) SE Runtime Environment (8.0_191-b12) (build 1.8.0_191-b12)
# Java VM: Java HotSpot(TM) 64-Bit Server VM (25.191-b12 mixed mode windows-amd64 compressed oops)
# Problematic frame:
# V  [jvm.dll+0x4601ea]
#
# Failed to write core dump. Minidumps are not enabled by default on client versions of Windows
#
# If you would like to submit a bug report, please visit:
#   http://bugreport.java.com/bugreport/crash.jsp
#

---------------  T H R E A D  ---------------

Current thread (0x0000000019abb000):  JavaThread "C2 CompilerThread1" daemon [_thread_in_native, id=11268, stack(0x000000001a380000,0x000000001a480000)]

siginfo: ExceptionCode=0xc0000005, reading address 0x000001001bd50110

Registers:
RAX=0x0000000000000003, RBX=0x000000001e10ed70, RCX=0x000000001e10ebe0, RDX=0x000001001bd500c0
RSP=0x000000001a47d5e0, RBP=0x000000001b145998, RSI=0x000000001b145868, RDI=0x000000001a47d730
R8 =0x000000001b142a08, R9 =0x0000000000000002, R10=0x000000001b145898, R11=0x000000001e10efb0
R12=0x0000000019b5b230, R13=0x0000000000000002, R14=0x0000000066ccab38, R15=0x0000000000000001
RIP=0x0000000066ac01ea, EFLAGS=0x0000000000010206

Top of Stack: (sp=0x000000001a47d5e0)
0x000000001a47d5e0:   000000001e10ed70 000000001a47d730
0x000000001a47d5f0:   0000000000000002 0000000019b5b230
0x000000001a47d600:   000000001a47e2c0 0000000066af32e8
0x000000001a47d610:   000000001a47e2c0 00000000000006ff
0x000000001a47d620:   000000001b145868 000000001a47d730
0x000000001a47d630:   000000001a47d730 0000000066b66135
0x000000001a47d640:   0000000000000068 000000001d109268
0x000000001a47d650:   0000000000000000 00000000000006eb
0x000000001a47d660:   000000001bdb55d0 000000001bdb56e4
0x000000001a47d670:   00000000000000d0 0000000000000000
0x000000001a47d680:   000000001b1427a8 000000001a47d730
0x000000001a47d690:   0000000000000000 0000000066b6672f
0x000000001a47d6a0:   000000001a47e201 000000001a47d700
0x000000001a47d6b0:   0000000000000068 000000001d109200
0x000000001a47d6c0:   000000001d07d500 000000006674dcbb
0x000000001a47d6d0:   0000000046540c00 0000000000000000 

Instructions: (pc=0x0000000066ac01ea)
0x0000000066ac01ca:   89 0b 48 85 c9 75 04 33 c0 eb 03 8b 41 08 49 8b
0x0000000066ac01da:   53 30 ff c0 41 c7 43 0c 05 00 00 00 41 89 43 08
0x0000000066ac01ea:   8b 4a 50 83 c1 05 41 89 4b 10 8b 52 4c 41 c7 43
0x0000000066ac01fa:   20 00 00 00 00 03 d1 41 89 53 14 41 89 53 18 41 


Register to memory mapping:

RAX=0x0000000000000003 is an unknown value
RBX=0x000000001e10ed70 is an unknown value
RCX=0x000000001e10ebe0 is an unknown value
RDX=0x000001001bd500c0 is an unknown value
RSP=0x000000001a47d5e0 is pointing into the stack for thread: 0x0000000019abb000
RBP=0x000000001b145998 is an unknown value
RSI=0x000000001b145868 is an unknown value
RDI=0x000000001a47d730 is pointing into the stack for thread: 0x0000000019abb000
R8 =0x000000001b142a08 is an unknown value
R9 =0x0000000000000002 is an unknown value
R10=0x000000001b145898 is an unknown value
R11=0x000000001e10efb0 is an unknown value
R12=0x0000000019b5b230 is an unknown value
R13=0x0000000000000002 is an unknown value
R14=0x0000000066ccab38 is an unknown value
R15=0x0000000000000001 is an unknown value


Stack: [0x000000001a380000,0x000000001a480000],  sp=0x000000001a47d5e0,  free space=1013k
Native frames: (J=compiled Java code, j=interpreted, Vv=VM code, C=native code)
V  [jvm.dll+0x4601ea]
V  [jvm.dll+0x4932e8]
V  [jvm.dll+0x506135]
V  [jvm.dll+0x50672f]
V  [jvm.dll+0x45d0c0]
V  [jvm.dll+0x4829b6]
V  [jvm.dll+0x50d32d]
V  [jvm.dll+0x505e17]
V  [jvm.dll+0x506199]
V  [jvm.dll+0x50672f]
V  [jvm.dll+0x45d0c0]
V  [jvm.dll+0x4829b6]
V  [jvm.dll+0x50d32d]
V  [jvm.dll+0x505e17]
V  [jvm.dll+0x506199]
V  [jvm.dll+0x50672f]
V  [jvm.dll+0x45d0c0]
V  [jvm.dll+0x479675]
V  [jvm.dll+0x45c162]
V  [jvm.dll+0xa6c82]
V  [jvm.dll+0xa75cf]
V  [jvm.dll+0x2461df]
V  [jvm.dll+0x29eb9a]
C  [msvcr100.dll+0x21d9f]
C  [msvcr100.dll+0x21e3b]
C  [KERNEL32.DLL+0x17c24]
C  [ntdll.dll+0x6d4d1]


Current CompileTask:
C2:   2357 3058       4       org.codehaus.plexus.util.SelectorUtils::tokenizePath (38 bytes)


---------------  P R O C E S S  ---------------

Java Threads: ( => current thread )
  0x0000000019ba6800 JavaThread "Service Thread" daemon [_thread_blocked, id=15164, stack(0x000000001a680000,0x000000001a780000)]
  0x0000000019b20800 JavaThread "C1 CompilerThread3" daemon [_thread_blocked, id=9300, stack(0x000000001a580000,0x000000001a680000)]
  0x0000000019abb800 JavaThread "C2 CompilerThread2" daemon [_thread_in_native, id=5576, stack(0x000000001a480000,0x000000001a580000)]
=>0x0000000019abb000 JavaThread "C2 CompilerThread1" daemon [_thread_in_native, id=11268, stack(0x000000001a380000,0x000000001a480000)]
  0x0000000019ab9000 JavaThread "C2 CompilerThread0" daemon [_thread_blocked, id=8668, stack(0x000000001a280000,0x000000001a380000)]
  0x0000000019ab6800 JavaThread "Attach Listener" daemon [_thread_blocked, id=14736, stack(0x000000001a180000,0x000000001a280000)]
  0x0000000019b13000 JavaThread "Signal Dispatcher" daemon [_thread_blocked, id=13908, stack(0x000000001a080000,0x000000001a180000)]
  0x0000000019aa0800 JavaThread "Finalizer" daemon [_thread_blocked, id=14168, stack(0x0000000019f80000,0x000000001a080000)]
  0x0000000017cad000 JavaThread "Reference Handler" daemon [_thread_blocked, id=2616, stack(0x0000000019e80000,0x0000000019f80000)]
  0x0000000002d2e000 JavaThread "main" [_thread_in_vm, id=10856, stack(0x0000000002690000,0x0000000002790000)]

Other Threads:
  0x0000000017ca9000 VMThread [stack: 0x0000000019980000,0x0000000019a80000] [id=4320]
  0x0000000019b53000 WatcherThread [stack: 0x000000001a780000,0x000000001a880000] [id=13380]

VM state:not at safepoint (normal execution)

VM Mutex/Monitor currently owned by a thread: None

Heap:
 PSYoungGen      total 71680K, used 38283K [0x00000000d5f00000, 0x00000000daa00000, 0x0000000100000000)
  eden space 66560K, 49% used [0x00000000d5f00000,0x00000000d7f68c48,0x00000000da000000)
  from space 5120K, 99% used [0x00000000da500000,0x00000000da9fa040,0x00000000daa00000)
  to   space 5120K, 0% used [0x00000000da000000,0x00000000da000000,0x00000000da500000)
 ParOldGen       total 87552K, used 8002K [0x0000000081c00000, 0x0000000087180000, 0x00000000d5f00000)
  object space 87552K, 9% used [0x0000000081c00000,0x00000000823d0bb0,0x0000000087180000)
 Metaspace       used 17653K, capacity 18178K, committed 18304K, reserved 1064960K
  class space    used 2045K, capacity 2161K, committed 2176K, reserved 1048576K

Card table byte_map: [0x00000000120f0000,0x00000000124f0000] byte_map_base: 0x0000000011ce2000

Marking Bits: (ParMarkBitMap*) 0x0000000066e83e30
 Begin Bits: [0x0000000012fa0000, 0x0000000014f30000)
 End Bits:   [0x0000000014f30000, 0x0000000016ec0000)

Polling page: 0x00000000005e0000

CodeCache: size=245760Kb used=10297Kb max_used=10308Kb free=235462Kb
 bounds [0x0000000002d30000, 0x0000000003750000, 0x0000000011d30000]
 total_blobs=3440 nmethods=3060 adapters=292
 compilation: enabled

Compilation events (10 events):
Event: 2.318 Thread 0x0000000019b20800 3050       3       org.codehaus.plexus.util.SelectorUtils::matchPath (129 bytes)
Event: 2.319 Thread 0x0000000019b20800 nmethod 3050 0x000000000373fd50 code [0x0000000003740020, 0x0000000003741b38]
Event: 2.319 Thread 0x0000000019b20800 3054       3       org.codehaus.plexus.util.SelectorUtils::equals (37 bytes)
Event: 2.320 Thread 0x0000000019b20800 nmethod 3054 0x00000000037426d0 code [0x0000000003742860, 0x0000000003742b78]
Event: 2.321 Thread 0x0000000019b20800 3056       3       java.io.File::lastModified (33 bytes)
Event: 2.322 Thread 0x0000000019b20800 nmethod 3056 0x0000000003742c90 code [0x0000000003742e20, 0x0000000003743248]
Event: 2.325 Thread 0x0000000019abb000 nmethod 3053 0x0000000003746690 code [0x0000000003746800, 0x0000000003746ed8]
Event: 2.325 Thread 0x0000000019abb000 3058       4       org.codehaus.plexus.util.SelectorUtils::tokenizePath (38 bytes)
Event: 2.327 Thread 0x0000000019b20800 3060       3       java.lang.StringBuffer::<init> (7 bytes)
Event: 2.327 Thread 0x0000000019b20800 nmethod 3060 0x0000000003746150 code [0x00000000037462c0, 0x0000000003746570]

GC Heap History (8 events):
Event: 0.812 GC heap before
{Heap before GC invocations=1 (full 0):
 PSYoungGen      total 38400K, used 33280K [0x00000000d5f00000, 0x00000000d8980000, 0x0000000100000000)
  eden space 33280K, 100% used [0x00000000d5f00000,0x00000000d7f80000,0x00000000d7f80000)
  from space 5120K, 0% used [0x00000000d8480000,0x00000000d8480000,0x00000000d8980000)
  to   space 5120K, 0% used [0x00000000d7f80000,0x00000000d7f80000,0x00000000d8480000)
 ParOldGen       total 87552K, used 0K [0x0000000081c00000, 0x0000000087180000, 0x00000000d5f00000)
  object space 87552K, 0% used [0x0000000081c00000,0x0000000081c00000,0x0000000087180000)
 Metaspace       used 8884K, capacity 8998K, committed 9088K, reserved 1056768K
  class space    used 1071K, capacity 1146K, committed 1152K, reserved 1048576K
Event: 0.817 GC heap after
Heap after GC invocations=1 (full 0):
 PSYoungGen      total 38400K, used 5092K [0x00000000d5f00000, 0x00000000d8980000, 0x0000000100000000)
  eden space 33280K, 0% used [0x00000000d5f00000,0x00000000d5f00000,0x00000000d7f80000)
  from space 5120K, 99% used [0x00000000d7f80000,0x00000000d84792f0,0x00000000d8480000)
  to   space 5120K, 0% used [0x00000000d8480000,0x00000000d8480000,0x00000000d8980000)
 ParOldGen       total 87552K, used 758K [0x0000000081c00000, 0x0000000087180000, 0x00000000d5f00000)
  object space 87552K, 0% used [0x0000000081c00000,0x0000000081cbd9b0,0x0000000087180000)
 Metaspace       used 8884K, capacity 8998K, committed 9088K, reserved 1056768K
  class space    used 1071K, capacity 1146K, committed 1152K, reserved 1048576K
}
Event: 1.101 GC heap before
{Heap before GC invocations=2 (full 0):
 PSYoungGen      total 38400K, used 38372K [0x00000000d5f00000, 0x00000000d8980000, 0x0000000100000000)
  eden space 33280K, 100% used [0x00000000d5f00000,0x00000000d7f80000,0x00000000d7f80000)
  from space 5120K, 99% used [0x00000000d7f80000,0x00000000d84792f0,0x00000000d8480000)
  to   space 5120K, 0% used [0x00000000d8480000,0x00000000d8480000,0x00000000d8980000)
 ParOldGen       total 87552K, used 758K [0x0000000081c00000, 0x0000000087180000, 0x00000000d5f00000)
  object space 87552K, 0% used [0x0000000081c00000,0x0000000081cbd9b0,0x0000000087180000)
 Metaspace       used 12506K, capacity 12670K, committed 12928K, reserved 1060864K
  class space    used 1544K, capacity 1640K, committed 1664K, reserved 1048576K
Event: 1.107 GC heap after
Heap after GC invocations=2 (full 0):
 PSYoungGen      total 38400K, used 5117K [0x00000000d5f00000, 0x00000000daa00000, 0x0000000100000000)
  eden space 33280K, 0% used [0x00000000d5f00000,0x00000000d5f00000,0x00000000d7f80000)
  from space 5120K, 99% used [0x00000000d8480000,0x00000000d897f710,0x00000000d8980000)
  to   space 5120K, 0% used [0x00000000d7f80000,0x00000000d7f80000,0x00000000d8480000)
 ParOldGen       total 87552K, used 3211K [0x0000000081c00000, 0x0000000087180000, 0x00000000d5f00000)
  object space 87552K, 3% used [0x0000000081c00000,0x0000000081f22f38,0x0000000087180000)
 Metaspace       used 12506K, capacity 12670K, committed 12928K, reserved 1060864K
  class space    used 1544K, capacity 1640K, committed 1664K, reserved 1048576K
}
Event: 1.604 GC heap before
{Heap before GC invocations=3 (full 0):
 PSYoungGen      total 38400K, used 38397K [0x00000000d5f00000, 0x00000000daa00000, 0x0000000100000000)
  eden space 33280K, 100% used [0x00000000d5f00000,0x00000000d7f80000,0x00000000d7f80000)
  from space 5120K, 99% used [0x00000000d8480000,0x00000000d897f710,0x00000000d8980000)
  to   space 5120K, 0% used [0x00000000d7f80000,0x00000000d7f80000,0x00000000d8480000)
 ParOldGen       total 87552K, used 3211K [0x0000000081c00000, 0x0000000087180000, 0x00000000d5f00000)
  object space 87552K, 3% used [0x0000000081c00000,0x0000000081f22f38,0x0000000087180000)
 Metaspace       used 15668K, capacity 15970K, committed 16128K, reserved 1062912K
  class space    used 1887K, capacity 1978K, committed 2048K, reserved 1048576K
Event: 1.611 GC heap after
Heap after GC invocations=3 (full 0):
 PSYoungGen      total 38400K, used 5112K [0x00000000d5f00000, 0x00000000daa00000, 0x0000000100000000)
  eden space 33280K, 0% used [0x00000000d5f00000,0x00000000d5f00000,0x00000000d7f80000)
  from space 5120K, 99% used [0x00000000d7f80000,0x00000000d847e030,0x00000000d8480000)
  to   space 5120K, 0% used [0x00000000da500000,0x00000000da500000,0x00000000daa00000)
 ParOldGen       total 87552K, used 6026K [0x0000000081c00000, 0x0000000087180000, 0x00000000d5f00000)
  object space 87552K, 6% used [0x0000000081c00000,0x00000000821e2ad0,0x0000000087180000)
 Metaspace       used 15668K, capacity 15970K, committed 16128K, reserved 1062912K
  class space    used 1887K, capacity 1978K, committed 2048K, reserved 1048576K
}
Event: 2.014 GC heap before
{Heap before GC invocations=4 (full 0):
 PSYoungGen      total 38400K, used 38392K [0x00000000d5f00000, 0x00000000daa00000, 0x0000000100000000)
  eden space 33280K, 100% used [0x00000000d5f00000,0x00000000d7f80000,0x00000000d7f80000)
  from space 5120K, 99% used [0x00000000d7f80000,0x00000000d847e030,0x00000000d8480000)
  to   space 5120K, 0% used [0x00000000da500000,0x00000000da500000,0x00000000daa00000)
 ParOldGen       total 87552K, used 6026K [0x0000000081c00000, 0x0000000087180000, 0x00000000d5f00000)
  object space 87552K, 6% used [0x0000000081c00000,0x00000000821e2ad0,0x0000000087180000)
 Metaspace       used 16224K, capacity 16606K, committed 16896K, reserved 1064960K
  class space    used 1922K, capacity 2017K, committed 2048K, reserved 1048576K
Event: 2.020 GC heap after
Heap after GC invocations=4 (full 0):
 PSYoungGen      total 71680K, used 5096K [0x00000000d5f00000, 0x00000000daa00000, 0x0000000100000000)
  eden space 66560K, 0% used [0x00000000d5f00000,0x00000000d5f00000,0x00000000da000000)
  from space 5120K, 99% used [0x00000000da500000,0x00000000da9fa040,0x00000000daa00000)
  to   space 5120K, 0% used [0x00000000da000000,0x00000000da000000,0x00000000da500000)
 ParOldGen       total 87552K, used 8002K [0x0000000081c00000, 0x0000000087180000, 0x00000000d5f00000)
  object space 87552K, 9% used [0x0000000081c00000,0x00000000823d0bb0,0x0000000087180000)
 Metaspace       used 16224K, capacity 16606K, committed 16896K, reserved 1064960K
  class space    used 1922K, capacity 2017K, committed 2048K, reserved 1048576K
}

Deoptimization events (10 events):
Event: 2.045 Thread 0x0000000002d2e000 Uncommon trap: reason=class_check action=maybe_recompile pc=0x0000000003233488 method=com.google.inject.internal.LinkedBindingImpl.acceptTargetVisitor(Lcom/google/inject/spi/BindingTargetVisitor;)Ljava/lang/Object; @ 2
Event: 2.052 Thread 0x0000000002d2e000 Uncommon trap: reason=predicate action=maybe_recompile pc=0x000000000361a308 method=java.util.TimSort.binarySort([Ljava/lang/Object;IIILjava/util/Comparator;)V @ 37
Event: 2.096 Thread 0x0000000002d2e000 Uncommon trap: reason=unstable_if action=reinterpret pc=0x000000000335e35c method=java.util.LinkedHashMap.afterNodeInsertion(Z)V @ 18
Event: 2.199 Thread 0x0000000002d2e000 Uncommon trap: reason=unstable_if action=reinterpret pc=0x00000000035afea8 method=java.util.regex.Pattern$GroupTail.match(Ljava/util/regex/Matcher;ILjava/lang/CharSequence;)Z @ 73
Event: 2.277 Thread 0x0000000002d2e000 Uncommon trap: reason=array_check action=maybe_recompile pc=0x000000000370978c method=java.util.TimSort.binarySort([Ljava/lang/Object;IIILjava/util/Comparator;)V @ 193
Event: 2.277 Thread 0x0000000002d2e000 Uncommon trap: reason=array_check action=maybe_recompile pc=0x0000000003709854 method=java.util.TimSort.binarySort([Ljava/lang/Object;IIILjava/util/Comparator;)V @ 183
Event: 2.277 Thread 0x0000000002d2e000 Uncommon trap: reason=array_check action=maybe_recompile pc=0x000000000370978c method=java.util.TimSort.binarySort([Ljava/lang/Object;IIILjava/util/Comparator;)V @ 193
Event: 2.277 Thread 0x0000000002d2e000 Uncommon trap: reason=array_check action=maybe_recompile pc=0x0000000003709854 method=java.util.TimSort.binarySort([Ljava/lang/Object;IIILjava/util/Comparator;)V @ 183
Event: 2.293 Thread 0x0000000002d2e000 Uncommon trap: reason=array_check action=maybe_recompile pc=0x0000000003711f64 method=java.util.TimSort.binarySort([Ljava/lang/Object;IIILjava/util/Comparator;)V @ 215
Event: 2.293 Thread 0x0000000002d2e000 Uncommon trap: reason=array_check action=maybe_recompile pc=0x0000000003711f64 method=java.util.TimSort.binarySort([Ljava/lang/Object;IIILjava/util/Comparator;)V @ 215

Classes redefined (0 events):
No events

Internal exceptions (10 events):
Event: 1.197 Thread 0x0000000002d2e000 Exception <a 'java/lang/NoClassDefFoundError': javax/annotation/Priority> (0x00000000d65112b8) thrown at [C:\re\workspace\8-2-build-windows-amd64-cygwin\jdk8u191\11896\hotspot\src\share\vm\classfile\systemDictionary.cpp, line 199]
Event: 1.316 Thread 0x0000000002d2e000 Exception <a 'java/lang/NullPointerException'> (0x00000000d6c147c8) thrown at [C:\re\workspace\8-2-build-windows-amd64-cygwin\jdk8u191\11896\hotspot\src\share\vm\interpreter\linkResolver.cpp, line 1185]
Event: 1.316 Thread 0x0000000002d2e000 Exception <a 'java/lang/NullPointerException'> (0x00000000d6c149e0) thrown at [C:\re\workspace\8-2-build-windows-amd64-cygwin\jdk8u191\11896\hotspot\src\share\vm\interpreter\linkResolver.cpp, line 1185]
Event: 1.316 Thread 0x0000000002d2e000 Exception <a 'java/lang/NullPointerException'> (0x00000000d6c14bf8) thrown at [C:\re\workspace\8-2-build-windows-amd64-cygwin\jdk8u191\11896\hotspot\src\share\vm\interpreter\linkResolver.cpp, line 1185]
Event: 1.317 Thread 0x0000000002d2e000 Exception <a 'java/lang/NullPointerException'> (0x00000000d6c1c530) thrown at [C:\re\workspace\8-2-build-windows-amd64-cygwin\jdk8u191\11896\hotspot\src\share\vm\interpreter\linkResolver.cpp, line 1185]
Event: 1.317 Thread 0x0000000002d2e000 Exception <a 'java/lang/NullPointerException'> (0x00000000d6c1c748) thrown at [C:\re\workspace\8-2-build-windows-amd64-cygwin\jdk8u191\11896\hotspot\src\share\vm\interpreter\linkResolver.cpp, line 1185]
Event: 1.317 Thread 0x0000000002d2e000 Exception <a 'java/lang/NullPointerException'> (0x00000000d6c1c960) thrown at [C:\re\workspace\8-2-build-windows-amd64-cygwin\jdk8u191\11896\hotspot\src\share\vm\interpreter\linkResolver.cpp, line 1185]
Event: 1.507 Thread 0x0000000002d2e000 Implicit null exception at 0x000000000336008e to 0x0000000003361311
Event: 1.698 Thread 0x0000000002d2e000 Implicit null exception at 0x0000000002fb3655 to 0x0000000002fb382d
Event: 1.699 Thread 0x0000000002d2e000 Implicit null exception at 0x0000000003124e6f to 0x0000000003124ed9

Events (10 events):
Event: 2.319 loading class org/apache/maven/artifact/repository/RepositoryCache
Event: 2.319 loading class org/apache/maven/artifact/repository/RepositoryCache done
Event: 2.320 loading class org/apache/maven/monitor/event/EventDispatcher
Event: 2.320 loading class org/apache/maven/monitor/event/EventDispatcher done
Event: 2.320 loading class org/apache/maven/settings/Server
Event: 2.320 loading class org/apache/maven/settings/Server done
Event: 2.324 loading class org/codehaus/plexus/compiler/util/scan/StaleSourceScanner
Event: 2.324 loading class org/codehaus/plexus/compiler/util/scan/StaleSourceScanner done
Event: 2.324 loading class org/codehaus/plexus/compiler/util/scan/StaleSourceScanner
Event: 2.324 loading class org/codehaus/plexus/compiler/util/scan/StaleSourceScanner done


Dynamic libraries:
0x00007ff60f2a0000 - 0x00007ff60f2d7000 	C:\Program Files\Java\jdk1.8.0_191\bin\java.exe
0x00007ffa269e0000 - 0x00007ffa26bd0000 	C:\Windows\SYSTEM32\ntdll.dll
0x00007ffa25ac0000 - 0x00007ffa25b72000 	C:\Windows\System32\KERNEL32.DLL
0x00007ffa23960000 - 0x00007ffa23c05000 	C:\Windows\System32\KERNELBASE.dll
0x00007ffa24f00000 - 0x00007ffa24fa3000 	C:\Windows\System32\ADVAPI32.dll
0x00007ffa25870000 - 0x00007ffa2590e000 	C:\Windows\System32\msvcrt.dll
0x00007ffa25f10000 - 0x00007ffa25fa7000 	C:\Windows\System32\sechost.dll
0x00007ffa25df0000 - 0x00007ffa25f10000 	C:\Windows\System32\RPCRT4.dll
0x00007ffa256d0000 - 0x00007ffa25864000 	C:\Windows\System32\USER32.dll
0x00007ffa23fb0000 - 0x00007ffa23fd1000 	C:\Windows\System32\win32u.dll
0x00007ffa254d0000 - 0x00007ffa254f6000 	C:\Windows\System32\GDI32.dll
0x00007ffa24840000 - 0x00007ffa249d6000 	C:\Windows\System32\gdi32full.dll
0x00007ffa23ec0000 - 0x00007ffa23f5e000 	C:\Windows\System32\msvcp_win.dll
0x00007ffa23c10000 - 0x00007ffa23d0a000 	C:\Windows\System32\ucrtbase.dll
0x00007ffa112f0000 - 0x00007ffa11574000 	C:\Windows\WinSxS\amd64_microsoft.windows.common-controls_6595b64144ccf1df_6.0.18362.1198_none_9e820b57e45ad92f\COMCTL32.dll
0x00007ffa250a0000 - 0x00007ffa253d5000 	C:\Windows\System32\combase.dll
0x00007ffa24000000 - 0x00007ffa24080000 	C:\Windows\System32\bcryptPrimitives.dll
0x00007ffa26970000 - 0x00007ffa2699e000 	C:\Windows\System32\IMM32.DLL
0x0000000068a10000 - 0x0000000068ae2000 	C:\Program Files\Java\jdk1.8.0_191\jre\bin\msvcr100.dll
0x0000000066660000 - 0x0000000066f04000 	C:\Program Files\Java\jdk1.8.0_191\jre\bin\server\jvm.dll
0x00007ffa26020000 - 0x00007ffa26028000 	C:\Windows\System32\PSAPI.DLL
0x00007ffa21020000 - 0x00007ffa21044000 	C:\Windows\SYSTEM32\WINMM.dll
0x00007ffa1e2f0000 - 0x00007ffa1e2fa000 	C:\Windows\SYSTEM32\VERSION.dll
0x00007ffa1f610000 - 0x00007ffa1f619000 	C:\Windows\SYSTEM32\WSOCK32.dll
0x00007ffa26030000 - 0x00007ffa2609f000 	C:\Windows\System32\WS2_32.dll
0x00007ffa20910000 - 0x00007ffa2093d000 	C:\Windows\SYSTEM32\WINMMBASE.dll
0x00007ffa23f60000 - 0x00007ffa23faa000 	C:\Windows\System32\cfgmgr32.dll
0x0000000068a00000 - 0x0000000068a0f000 	C:\Program Files\Java\jdk1.8.0_191\jre\bin\verify.dll
0x00000000689d0000 - 0x00000000689f9000 	C:\Program Files\Java\jdk1.8.0_191\jre\bin\java.dll
0x00000000689b0000 - 0x00000000689c6000 	C:\Program Files\Java\jdk1.8.0_191\jre\bin\zip.dll
0x00007ffa26150000 - 0x00007ffa26837000 	C:\Windows\System32\SHELL32.dll
0x00007ffa26840000 - 0x00007ffa268e9000 	C:\Windows\System32\shcore.dll
0x00007ffa240b0000 - 0x00007ffa24831000 	C:\Windows\System32\windows.storage.dll
0x00007ffa23930000 - 0x00007ffa23953000 	C:\Windows\System32\profapi.dll
0x00007ffa238e0000 - 0x00007ffa2392a000 	C:\Windows\System32\powrprof.dll
0x00007ffa23890000 - 0x00007ffa238a0000 	C:\Windows\System32\UMPDC.dll
0x00007ffa25b80000 - 0x00007ffa25bd2000 	C:\Windows\System32\shlwapi.dll
0x00007ffa238a0000 - 0x00007ffa238b1000 	C:\Windows\System32\kernel.appcore.dll
0x00007ffa23fe0000 - 0x00007ffa23ff7000 	C:\Windows\System32\cryptsp.dll
0x00007ffa22c50000 - 0x00007ffa22c83000 	C:\Windows\system32\rsaenh.dll
0x00007ffa24080000 - 0x00007ffa240a6000 	C:\Windows\System32\bcrypt.dll
0x00007ffa237b0000 - 0x00007ffa237d5000 	C:\Windows\SYSTEM32\USERENV.dll
0x00007ffa232b0000 - 0x00007ffa232bc000 	C:\Windows\SYSTEM32\CRYPTBASE.dll
0x0000000068990000 - 0x00000000689aa000 	C:\Program Files\Java\jdk1.8.0_191\jre\bin\net.dll
0x00007ffa230e0000 - 0x00007ffa23147000 	C:\Windows\system32\mswsock.dll
0x00007ffa22df0000 - 0x00007ffa22e2a000 	C:\Windows\SYSTEM32\IPHLPAPI.DLL
0x00007ffa25010000 - 0x00007ffa25018000 	C:\Windows\System32\NSI.dll
0x00007ffa1e510000 - 0x00007ffa1e526000 	C:\Windows\SYSTEM32\dhcpcsvc6.DLL
0x00007ffa1e4f0000 - 0x00007ffa1e50c000 	C:\Windows\SYSTEM32\dhcpcsvc.DLL
0x00007ffa22e30000 - 0x00007ffa22efb000 	C:\Windows\SYSTEM32\DNSAPI.dll
0x0000000068970000 - 0x0000000068981000 	C:\Program Files\Java\jdk1.8.0_191\jre\bin\nio.dll
0x00007ffa1f800000 - 0x00007ffa1f80a000 	C:\Users\ZSY\AppData\Local\Temp\jansi-1.17.1-5550562446520126073.dll
0x00007ffa1b7b0000 - 0x00007ffa1b7ba000 	C:\Users\ZSY\AppData\Local\Temp\jansi-1.17.1-9106600014583439511.dll
0x00007ffa18e50000 - 0x00007ffa19044000 	C:\Windows\SYSTEM32\dbghelp.dll

VM Arguments:
jvm_args: -Dmaven.multiModuleProjectDirectory=D:\IDEA\IdeaProjects\bishe\ssm-01 -Dmaven.home=D:\Maven\apache-maven-3.6.3 -Dclassworlds.conf=D:\Maven\apache-maven-3.6.3\bin\m2.conf -Dmaven.ext.class.path=D:\IDEA\IntelliJ IDEA 2020.1.1\plugins\maven\lib\maven-event-listener.jar -Dfile.encoding=UTF-8 
java_command: org.codehaus.classworlds.Launcher -Didea.version2020.1.1 -s D:\Maven\apache-maven-3.6.3\conf\settings.xml install
java_class_path (initial): D:\Maven\apache-maven-3.6.3\boot\plexus-classworlds-2.6.0.jar;D:\Maven\apache-maven-3.6.3\boot\plexus-classworlds.license
Launcher Type: SUN_STANDARD

Environment Variables:
PATH=C:\Program Files (x86)\Common Files\Oracle\Java\javapath;E:\oracle\product\10.2.0\db_1\bin;C:\Windows\system32;C:\Windows;C:\Windows\System32\Wbem;C:\Windows\System32\WindowsPowerShell\v1.0\;C:\Windows\System32\OpenSSH\;%JAVA_HOME%\bin;%JAVA_HOME%\jre\bin;D:\Maven\apache-maven-3.6.3\bin\;C:\Program Files (x86)\NVIDIA Corporation\PhysX\Common;C:\Program Files\NVIDIA Corporation\NVIDIA NvDLISR;D:\Git\cmd;D:\nodejs\;D:\Rational\common;D:\TortoiseGit\bin;C:\Users\ZSY\AppData\Local\Microsoft\WindowsApps;C:\Users\ZSY\AppData\Roaming\npm;D:\Microsoft VS Code\bin
USERNAME=ZSY
OS=Windows_NT
PROCESSOR_IDENTIFIER=Intel64 Family 6 Model 60 Stepping 3, GenuineIntel



---------------  S Y S T E M  ---------------

OS: Windows 10.0 , 64 bit Build 18362 (10.0.18362.1110)

CPU:total 8 (initial active 8) (4 cores per cpu, 2 threads per core) family 6 model 60 stepping 3, cmov, cx8, fxsr, mmx, sse, sse2, sse3, ssse3, sse4.1, sse4.2, popcnt, avx, avx2, aes, clmul, erms, lzcnt, ht, tsc, tscinvbit, bmi1, bmi2

Memory: 4k page, physical 8272652k(2804004k free), swap 11156236k(3726988k free)

vm_info: Java HotSpot(TM) 64-Bit Server VM (25.191-b12) for windows-amd64 JRE (1.8.0_191-b12), built on Oct  6 2018 09:29:03 by "java_re" with MS VC++ 10.0 (VS2010)

time: Fri Dec 04 22:16:27 2020
elapsed time: 2 seconds (0d 0h 0m 2s)

